This is pdfTeX, Version 3.14159265-2.6-1.40.20 (MiKTeX 2.9.7050 64-bit) (preloaded format=pdflatex 2020.12.15)  21 DEC 2020 02:35
entering extended mode
**"./Thesis-2019-Jung .tex"
("Thesis-2019-Jung .tex"
LaTeX2e <2018-12-01>
("C:\Program Files\MiKTeX 2.9\tex/latex/base\report.cls"
Document Class: report 2018/09/03 v1.4i Standard LaTeX document class
("C:\Program Files\MiKTeX 2.9\tex/latex/base\size12.clo"
File: size12.clo 2018/09/03 v1.4i Standard LaTeX file (size option)
)
\c@part=\count80
\c@chapter=\count81
\c@section=\count82
\c@subsection=\count83
\c@subsubsection=\count84
\c@paragraph=\count85
\c@subparagraph=\count86
\c@figure=\count87
\c@table=\count88
\abovecaptionskip=\skip41
\belowcaptionskip=\skip42
\bibindent=\dimen102
)
("C:\Program Files\MiKTeX 2.9\tex/latex/psnfss\pifont.sty"
Package: pifont 2005/04/12 PSNFSS-v9.2a Pi font support (SPQR) 
LaTeX Font Info:    Try loading font information for U+pzd on input line 63.

("C:\Program Files\MiKTeX 2.9\tex/latex/psnfss\upzd.fd"
File: upzd.fd 2001/06/04 font definitions for U/pzd.
)
LaTeX Font Info:    Try loading font information for U+psy on input line 64.

("C:\Program Files\MiKTeX 2.9\tex/latex/psnfss\upsy.fd"
File: upsy.fd 2001/06/04 font definitions for U/psy.
))
("C:\Program Files\MiKTeX 2.9\tex/latex/tools\afterpage.sty"
Package: afterpage 2014/10/28 v1.08 After-Page Package (DPC)
\AP@output=\toks14
\AP@partial=\box27
\AP@footins=\box28
)
("C:\Program Files\MiKTeX 2.9\tex/latex/amsmath\amsmath.sty"
Package: amsmath 2018/12/01 v2.17b AMS math features
\@mathmargin=\skip43

For additional information on amsmath, use the `?' option.
("C:\Program Files\MiKTeX 2.9\tex/latex/amsmath\amstext.sty"
Package: amstext 2000/06/29 v2.01 AMS text

("C:\Program Files\MiKTeX 2.9\tex/latex/amsmath\amsgen.sty"
File: amsgen.sty 1999/11/30 v2.0 generic functions
\@emptytoks=\toks15
\ex@=\dimen103
))
("C:\Program Files\MiKTeX 2.9\tex/latex/amsmath\amsbsy.sty"
Package: amsbsy 1999/11/29 v1.2d Bold Symbols
\pmbraise@=\dimen104
)
("C:\Program Files\MiKTeX 2.9\tex/latex/amsmath\amsopn.sty"
Package: amsopn 2016/03/08 v2.02 operator names
)
\inf@bad=\count89
LaTeX Info: Redefining \frac on input line 223.
\uproot@=\count90
\leftroot@=\count91
LaTeX Info: Redefining \overline on input line 385.
\classnum@=\count92
\DOTSCASE@=\count93
LaTeX Info: Redefining \ldots on input line 482.
LaTeX Info: Redefining \dots on input line 485.
LaTeX Info: Redefining \cdots on input line 606.
\Mathstrutbox@=\box29
\strutbox@=\box30
\big@size=\dimen105
LaTeX Font Info:    Redeclaring font encoding OML on input line 729.
LaTeX Font Info:    Redeclaring font encoding OMS on input line 730.
\macc@depth=\count94
\c@MaxMatrixCols=\count95
\dotsspace@=\muskip10
\c@parentequation=\count96
\dspbrk@lvl=\count97
\tag@help=\toks16
\row@=\count98
\column@=\count99
\maxfields@=\count100
\andhelp@=\toks17
\eqnshift@=\dimen106
\alignsep@=\dimen107
\tagshift@=\dimen108
\tagwidth@=\dimen109
\totwidth@=\dimen110
\lineht@=\dimen111
\@envbody=\toks18
\multlinegap=\skip44
\multlinetaggap=\skip45
\mathdisplay@stack=\toks19
LaTeX Info: Redefining \[ on input line 2844.
LaTeX Info: Redefining \] on input line 2845.
)
("C:\Users\Tokor\AppData\Local\Programs\MiKTeX 2.9\tex/latex/booktabs\booktabs.
sty"
Package: booktabs 2020/01/12 v1.61803398 Publication quality tables
\heavyrulewidth=\dimen112
\lightrulewidth=\dimen113
\cmidrulewidth=\dimen114
\belowrulesep=\dimen115
\belowbottomsep=\dimen116
\aboverulesep=\dimen117
\abovetopsep=\dimen118
\cmidrulesep=\dimen119
\cmidrulekern=\dimen120
\defaultaddspace=\dimen121
\@cmidla=\count101
\@cmidlb=\count102
\@aboverulesep=\dimen122
\@belowrulesep=\dimen123
\@thisruleclass=\count103
\@lastruleclass=\count104
\@thisrulewidth=\dimen124
) ("C:\Program Files\MiKTeX 2.9\tex/latex/hyperref\hyperref.sty"
Package: hyperref 2018/11/30 v6.88e Hypertext links for LaTeX

("C:\Users\Tokor\AppData\Local\Programs\MiKTeX 2.9\tex/latex/hobsub\hobsub-hype
rref.sty"
Package: hobsub-hyperref 2019-11-14
hobsub not currently supported, see hobsub.dtx to extract original code
 ("C:\Program Files\MiKTeX 2.9\tex/generic/oberdiek\ltxcmds.sty"
Package: ltxcmds 2016/05/16 v1.23 LaTeX kernel commands for general use (HO)
)
("C:\Program Files\MiKTeX 2.9\tex/generic/oberdiek\ifvtex.sty"
Package: ifvtex 2016/05/16 v1.6 Detect VTeX and its facilities (HO)
Package ifvtex Info: VTeX not detected.
)
("C:\Program Files\MiKTeX 2.9\tex/generic/oberdiek\pdftexcmds.sty"
Package: pdftexcmds 2018/09/10 v0.29 Utility functions of pdfTeX for LuaTeX (HO
)

("C:\Program Files\MiKTeX 2.9\tex/generic/oberdiek\infwarerr.sty"
Package: infwarerr 2016/05/16 v1.4 Providing info/warning/error messages (HO)
)
("C:\Program Files\MiKTeX 2.9\tex/generic/oberdiek\ifluatex.sty"
Package: ifluatex 2016/05/16 v1.4 Provides the ifluatex switch (HO)
Package ifluatex Info: LuaTeX not detected.
)
("C:\Program Files\MiKTeX 2.9\tex/generic/oberdiek\ifpdf.sty"
Package: ifpdf 2018/09/07 v3.3 Provides the ifpdf switch
)
Package pdftexcmds Info: LuaTeX not detected.
Package pdftexcmds Info: \pdf@primitive is available.
Package pdftexcmds Info: \pdf@ifprimitive is available.
Package pdftexcmds Info: \pdfdraftmode found.
)
("C:\Program Files\MiKTeX 2.9\tex/latex/graphics\keyval.sty"
Package: keyval 2014/10/28 v1.15 key=value parser (DPC)
\KV@toks@=\toks20
)
("C:\Program Files\MiKTeX 2.9\tex/generic/oberdiek\kvsetkeys.sty"
Package: kvsetkeys 2016/05/16 v1.17 Key value parser (HO)

("C:\Program Files\MiKTeX 2.9\tex/generic/oberdiek\etexcmds.sty"
Package: etexcmds 2016/05/16 v1.6 Avoid name clashes with e-TeX commands (HO)
))
("C:\Program Files\MiKTeX 2.9\tex/generic/oberdiek\kvdefinekeys.sty"
Package: kvdefinekeys 2016/05/16 v1.4 Define keys (HO)
)
("C:\Program Files\MiKTeX 2.9\tex/generic/oberdiek\pdfescape.sty"
Package: pdfescape 2016/05/16 v1.14 Implements pdfTeX's escape features (HO)
)
("C:\Program Files\MiKTeX 2.9\tex/latex/oberdiek\hycolor.sty"
Package: hycolor 2016/05/16 v1.8 Color options for hyperref/bookmark (HO)

("C:\Program Files\MiKTeX 2.9\tex/latex/oberdiek\xcolor-patch.sty"
Package: xcolor-patch 2016/05/16 xcolor patch

("C:\Program Files\MiKTeX 2.9\tex/latex/oberdiek\hopatch.sty"
Package: hopatch 2016/05/16 v1.3 Wrapper for package hooks (HO)
)))
("C:\Program Files\MiKTeX 2.9\tex/latex/oberdiek\letltxmacro.sty"
Package: letltxmacro 2016/05/16 v1.5 Let assignment for LaTeX macros (HO)
))
("C:\Program Files\MiKTeX 2.9\tex/latex/oberdiek\auxhook.sty"
Package: auxhook 2016/05/16 v1.4 Hooks for auxiliary files (HO)
)
("C:\Program Files\MiKTeX 2.9\tex/generic/ifxetex\ifxetex.sty"
Package: ifxetex 2010/09/12 v0.6 Provides ifxetex conditional
)
("C:\Program Files\MiKTeX 2.9\tex/latex/oberdiek\kvoptions.sty"
Package: kvoptions 2016/05/16 v3.12 Key value format for package options (HO)
)
\@linkdim=\dimen125
\Hy@linkcounter=\count105
\Hy@pagecounter=\count106

("C:\Program Files\MiKTeX 2.9\tex/latex/hyperref\pd1enc.def"
File: pd1enc.def 2018/11/30 v6.88e Hyperref: PDFDocEncoding definition (HO)
Now handling font encoding PD1 ...
... no UTF-8 mapping file for font encoding PD1
)
("C:\Program Files\MiKTeX 2.9\tex/generic/oberdiek\intcalc.sty"
Package: intcalc 2016/05/16 v1.2 Expandable calculations with integers (HO)
)
\Hy@SavedSpaceFactor=\count107

("C:\Program Files\MiKTeX 2.9\tex/latex/00miktex\hyperref.cfg"
File: hyperref.cfg 2002/06/06 v1.2 hyperref configuration of TeXLive
)
Package hyperref Info: Hyper figures OFF on input line 4519.
Package hyperref Info: Link nesting OFF on input line 4524.
Package hyperref Info: Hyper index ON on input line 4527.
Package hyperref Info: Plain pages OFF on input line 4534.
Package hyperref Info: Backreferencing OFF on input line 4539.
Package hyperref Info: Implicit mode ON; LaTeX internals redefined.
Package hyperref Info: Bookmarks ON on input line 4772.
\c@Hy@tempcnt=\count108

("C:\Users\Tokor\AppData\Local\Programs\MiKTeX 2.9\tex/latex/url\url.sty"
\Urlmuskip=\muskip11
Package: url 2013/09/16  ver 3.4  Verb mode for urls, etc.
)
LaTeX Info: Redefining \url on input line 5125.
\XeTeXLinkMargin=\dimen126

("C:\Program Files\MiKTeX 2.9\tex/generic/oberdiek\bitset.sty"
Package: bitset 2016/05/16 v1.2 Handle bit-vector datatype (HO)

("C:\Program Files\MiKTeX 2.9\tex/generic/oberdiek\bigintcalc.sty"
Package: bigintcalc 2016/05/16 v1.4 Expandable calculations on big integers (HO
)
))
\Fld@menulength=\count109
\Field@Width=\dimen127
\Fld@charsize=\dimen128
Package hyperref Info: Hyper figures OFF on input line 6380.
Package hyperref Info: Link nesting OFF on input line 6385.
Package hyperref Info: Hyper index ON on input line 6388.
Package hyperref Info: backreferencing OFF on input line 6395.
Package hyperref Info: Link coloring OFF on input line 6400.
Package hyperref Info: Link coloring with OCG OFF on input line 6405.
Package hyperref Info: PDF/A mode OFF on input line 6410.
LaTeX Info: Redefining \ref on input line 6450.
LaTeX Info: Redefining \pageref on input line 6454.

("C:\Program Files\MiKTeX 2.9\tex/generic/oberdiek\atbegshi.sty"
Package: atbegshi 2016/06/09 v1.18 At begin shipout hook (HO)
)
\Hy@abspage=\count110
\c@Item=\count111
\c@Hfootnote=\count112
)
Package hyperref Info: Driver (autodetected): hpdftex.

("C:\Program Files\MiKTeX 2.9\tex/latex/hyperref\hpdftex.def"
File: hpdftex.def 2018/11/30 v6.88e Hyperref driver for pdfTeX

("C:\Program Files\MiKTeX 2.9\tex/latex/oberdiek\atveryend.sty"
Package: atveryend 2016/05/16 v1.9 Hooks at the very end of document (HO)
Package atveryend Info: \AP@enddocument detected (standard20110627).
)
\Fld@listcount=\count113
\c@bookmark@seq@number=\count114

("C:\Program Files\MiKTeX 2.9\tex/latex/oberdiek\rerunfilecheck.sty"
Package: rerunfilecheck 2016/05/16 v1.8 Rerun checks for auxiliary files (HO)

("C:\Program Files\MiKTeX 2.9\tex/generic/oberdiek\uniquecounter.sty"
Package: uniquecounter 2016/05/16 v1.3 Provide unlimited unique counter (HO)
)
Package uniquecounter Info: New unique counter `rerunfilecheck' on input line 2
82.
)
\Hy@SectionHShift=\skip46
)
("C:\Users\Tokor\AppData\Local\Programs\MiKTeX 2.9\tex/latex/cleveref\cleveref.
sty"
Package: cleveref 2018/03/27 v0.21.4 Intelligent cross-referencing
Package cleveref Info: `hyperref' support loaded on input line 2370.
LaTeX Info: Redefining \cref on input line 2370.
LaTeX Info: Redefining \Cref on input line 2370.
LaTeX Info: Redefining \crefrange on input line 2370.
LaTeX Info: Redefining \Crefrange on input line 2370.
LaTeX Info: Redefining \cpageref on input line 2370.
LaTeX Info: Redefining \Cpageref on input line 2370.
LaTeX Info: Redefining \cpagerefrange on input line 2370.
LaTeX Info: Redefining \Cpagerefrange on input line 2370.
LaTeX Info: Redefining \labelcref on input line 2370.
LaTeX Info: Redefining \labelcpageref on input line 2370.
) ("C:\Program Files\MiKTeX 2.9\tex/latex/geometry\geometry.sty"
Package: geometry 2018/04/16 v5.8 Page Geometry
\Gm@cnth=\count115
\Gm@cntv=\count116
\c@Gm@tempcnt=\count117
\Gm@bindingoffset=\dimen129
\Gm@wd@mp=\dimen130
\Gm@odd@mp=\dimen131
\Gm@even@mp=\dimen132
\Gm@layoutwidth=\dimen133
\Gm@layoutheight=\dimen134
\Gm@layouthoffset=\dimen135
\Gm@layoutvoffset=\dimen136
\Gm@dimlist=\toks21

("C:\Program Files\MiKTeX 2.9\tex/latex/geometry\geometry.cfg"))
("C:\Users\Tokor\AppData\Local\Programs\MiKTeX 2.9\tex/latex/cjk\CJKutf8.sty"
Package: CJKutf8 2015/04/18 4.8.4

("C:\Program Files\MiKTeX 2.9\tex/latex/base\inputenc.sty"
Package: inputenc 2018/08/11 v1.3c Input encoding file
\inpenc@prehook=\toks22
\inpenc@posthook=\toks23
)
("C:\Users\Tokor\AppData\Local\Programs\MiKTeX 2.9\tex/latex/cjk\CJK.sty"
Package: CJK 2015/04/18 4.8.4

("C:\Users\Tokor\AppData\Local\Programs\MiKTeX 2.9\tex/latex/cjk/mule\MULEenc.s
ty"
Package: MULEenc 2015/04/18 4.8.4
) ("C:\Users\Tokor\AppData\Local\Programs\MiKTeX 2.9\tex/latex/cjk\CJK.enc"
File: CJK.enc 2015/04/18 4.8.4
Now handling font encoding C00 ...
... no UTF-8 mapping file for font encoding C00
Now handling font encoding C05 ...
... no UTF-8 mapping file for font encoding C05
Now handling font encoding C09 ...
... no UTF-8 mapping file for font encoding C09
Now handling font encoding C10 ...
... no UTF-8 mapping file for font encoding C10
Now handling font encoding C20 ...
... no UTF-8 mapping file for font encoding C20
Now handling font encoding C19 ...
... no UTF-8 mapping file for font encoding C19
Now handling font encoding C40 ...
... no UTF-8 mapping file for font encoding C40
Now handling font encoding C42 ...
... no UTF-8 mapping file for font encoding C42
Now handling font encoding C43 ...
... no UTF-8 mapping file for font encoding C43
Now handling font encoding C50 ...
... no UTF-8 mapping file for font encoding C50
Now handling font encoding C52 ...
... no UTF-8 mapping file for font encoding C52
Now handling font encoding C49 ...
... no UTF-8 mapping file for font encoding C49
Now handling font encoding C60 ...
... no UTF-8 mapping file for font encoding C60
Now handling font encoding C61 ...
... no UTF-8 mapping file for font encoding C61
Now handling font encoding C63 ...
... no UTF-8 mapping file for font encoding C63
Now handling font encoding C64 ...
... no UTF-8 mapping file for font encoding C64
Now handling font encoding C65 ...
... no UTF-8 mapping file for font encoding C65
Now handling font encoding C70 ...
... no UTF-8 mapping file for font encoding C70
Now handling font encoding C31 ...
... no UTF-8 mapping file for font encoding C31
Now handling font encoding C32 ...
... no UTF-8 mapping file for font encoding C32
Now handling font encoding C33 ...
... no UTF-8 mapping file for font encoding C33
Now handling font encoding C34 ...
... no UTF-8 mapping file for font encoding C34
Now handling font encoding C35 ...
... no UTF-8 mapping file for font encoding C35
Now handling font encoding C36 ...
... no UTF-8 mapping file for font encoding C36
Now handling font encoding C37 ...
... no UTF-8 mapping file for font encoding C37
Now handling font encoding C80 ...
... no UTF-8 mapping file for font encoding C80
Now handling font encoding C81 ...
... no UTF-8 mapping file for font encoding C81
Now handling font encoding C01 ...
... no UTF-8 mapping file for font encoding C01
Now handling font encoding C11 ...
... no UTF-8 mapping file for font encoding C11
Now handling font encoding C21 ...
... no UTF-8 mapping file for font encoding C21
Now handling font encoding C41 ...
... no UTF-8 mapping file for font encoding C41
Now handling font encoding C62 ...
... no UTF-8 mapping file for font encoding C62
)
LaTeX Info: Redefining \selectfont on input line 755.
\CJK@indent=\box31
) ("C:\Program Files\MiKTeX 2.9\tex/latex/base\fontenc.sty"
Package: fontenc 2018/08/11 v2.0j Standard LaTeX package
))
("C:\Program Files\MiKTeX 2.9\tex/latex/graphics\color.sty"
Package: color 2016/07/10 v1.1e Standard LaTeX Color (DPC)

("C:\Program Files\MiKTeX 2.9\tex/latex/graphics-cfg\color.cfg"
File: color.cfg 2016/01/02 v1.6 sample color configuration
)
Package color Info: Driver file: pdftex.def on input line 147.

("C:\Program Files\MiKTeX 2.9\tex/latex/graphics-def\pdftex.def"
File: pdftex.def 2018/01/08 v1.0l Graphics/color driver for pdftex
))
("C:\Users\Tokor\AppData\Local\Programs\MiKTeX 2.9\tex/latex/xcolor\xcolor.sty"
Package: xcolor 2016/05/11 v2.12 LaTeX color extensions (UK)
("C:\Program Files\MiKTeX 2.9\tex/latex/graphics-cfg\color.cfg"
File: color.cfg 2016/01/02 v1.6 sample color configuration
)
Package xcolor Info: Driver file: pdftex.def on input line 225.
LaTeX Info: Redefining \color on input line 709.
Package xcolor Info: Model `cmy' substituted by `cmy0' on input line 1348.
Package xcolor Info: Model `hsb' substituted by `rgb' on input line 1352.
Package xcolor Info: Model `RGB' extended on input line 1364.
Package xcolor Info: Model `HTML' substituted by `rgb' on input line 1366.
Package xcolor Info: Model `Hsb' substituted by `hsb' on input line 1367.
Package xcolor Info: Model `tHsb' substituted by `hsb' on input line 1368.
Package xcolor Info: Model `HSB' substituted by `hsb' on input line 1369.
Package xcolor Info: Model `Gray' substituted by `gray' on input line 1370.
Package xcolor Info: Model `wave' substituted by `hsb' on input line 1371.
)
("C:\Users\Tokor\AppData\Local\Programs\MiKTeX 2.9\tex/latex/fancyhdr\fancyhdr.
sty"
Package: fancyhdr 2019/01/31 v3.10 Extensive control of page headers and footer
s
\f@nch@headwidth=\skip47
\f@nch@O@elh=\skip48
\f@nch@O@erh=\skip49
\f@nch@O@olh=\skip50
\f@nch@O@orh=\skip51
\f@nch@O@elf=\skip52
\f@nch@O@erf=\skip53
\f@nch@O@olf=\skip54
\f@nch@O@orf=\skip55
)
("C:\Users\Tokor\AppData\Local\Programs\MiKTeX 2.9\tex/latex/fontawesome\fontaw
esome.sty"
Package: fontawesome 2016/05/15 v4.6.3.1 font awesome icons

("C:\Users\Tokor\AppData\Local\Programs\MiKTeX 2.9\tex/latex/fontawesome\fontaw
esomesymbols-generic.tex")
("C:\Users\Tokor\AppData\Local\Programs\MiKTeX 2.9\tex/latex/fontawesome\fontaw
esomesymbols-pdftex.tex"))
("C:\Users\Tokor\AppData\Local\Programs\MiKTeX 2.9\tex/latex/listings\listings.
sty"
\lst@mode=\count118
\lst@gtempboxa=\box32
\lst@token=\toks24
\lst@length=\count119
\lst@currlwidth=\dimen137
\lst@column=\count120
\lst@pos=\count121
\lst@lostspace=\dimen138
\lst@width=\dimen139
\lst@newlines=\count122
\lst@lineno=\count123
\lst@maxwidth=\dimen140

("C:\Users\Tokor\AppData\Local\Programs\MiKTeX 2.9\tex/latex/listings\lstmisc.s
ty"
File: lstmisc.sty 2020/03/24 1.8d (Carsten Heinz)
\c@lstnumber=\count124
\lst@skipnumbers=\count125
\lst@framebox=\box33
)
("C:\Users\Tokor\AppData\Local\Programs\MiKTeX 2.9\tex/latex/listings\listings.
cfg"
File: listings.cfg 2020/03/24 1.8d listings configuration
))
Package: listings 2020/03/24 1.8d (Carsten Heinz)

("C:\Users\Tokor\AppData\Local\Programs\MiKTeX 2.9\tex/latex/microtype\microtyp
e.sty"
Package: microtype 2019/11/18 v2.7d Micro-typographical refinements (RS)
\MT@toks=\toks25
\MT@count=\count126
LaTeX Info: Redefining \textls on input line 790.
\MT@outer@kern=\dimen141
LaTeX Info: Redefining \textmicrotypecontext on input line 1354.
\MT@listname@count=\count127

("C:\Users\Tokor\AppData\Local\Programs\MiKTeX 2.9\tex/latex/microtype\microtyp
e-pdftex.def"
File: microtype-pdftex.def 2019/11/18 v2.7d Definitions specific to pdftex (RS)

LaTeX Info: Redefining \lsstyle on input line 914.
LaTeX Info: Redefining \lslig on input line 914.
\MT@outer@space=\skip56
)
Package microtype Info: Loading configuration file microtype.cfg.

("C:\Users\Tokor\AppData\Local\Programs\MiKTeX 2.9\tex/latex/microtype\microtyp
e.cfg"
File: microtype.cfg 2019/11/18 v2.7d microtype main configuration file (RS)
)) ("C:\Program Files\MiKTeX 2.9\tex/latex/graphics\graphicx.sty"
Package: graphicx 2017/06/01 v1.1a Enhanced LaTeX Graphics (DPC,SPQR)

("C:\Program Files\MiKTeX 2.9\tex/latex/graphics\graphics.sty"
Package: graphics 2017/06/25 v1.2c Standard LaTeX Graphics (DPC,SPQR)

("C:\Program Files\MiKTeX 2.9\tex/latex/graphics\trig.sty"
Package: trig 2016/01/03 v1.10 sin cos tan (DPC)
)
("C:\Program Files\MiKTeX 2.9\tex/latex/graphics-cfg\graphics.cfg"
File: graphics.cfg 2016/06/04 v1.11 sample graphics configuration
)
Package graphics Info: Driver file: pdftex.def on input line 99.
)
\Gin@req@height=\dimen142
\Gin@req@width=\dimen143
)
("C:\Users\Tokor\AppData\Local\Programs\MiKTeX 2.9\tex/latex/siunitx\siunitx.st
y"
("C:\Users\Tokor\AppData\Local\Programs\MiKTeX 2.9\tex/latex/l3kernel\expl3.sty
"
Package: expl3 2020-10-27 L3 programming layer (loader) 

("C:\Users\Tokor\AppData\Local\Programs\MiKTeX 2.9\tex/latex/l3kernel\expl3-cod
e.tex"
Package: expl3 2020-10-27 L3 programming layer (code)
\c_max_int=\count128
\l_tmpa_int=\count129
\l_tmpb_int=\count130
\g_tmpa_int=\count131
\g_tmpb_int=\count132
\l__seq_internal_a_int=\count133
\l__seq_internal_b_int=\count134
\g__kernel_prg_map_int=\count135
\c__ior_term_noprompt_ior=\count136
\c_log_iow=\count137
\l_iow_line_count_int=\count138
\l__iow_line_target_int=\count139
\l__iow_one_indent_int=\count140
\l__iow_indent_int=\count141
\c_zero_dim=\dimen144
\c_max_dim=\dimen145
\l_tmpa_dim=\dimen146
\l_tmpb_dim=\dimen147
\g_tmpa_dim=\dimen148
\g_tmpb_dim=\dimen149
\c_zero_skip=\skip57
\c_max_skip=\skip58
\l_tmpa_skip=\skip59
\l_tmpb_skip=\skip60
\g_tmpa_skip=\skip61
\g_tmpb_skip=\skip62
\c_zero_muskip=\muskip12
\c_max_muskip=\muskip13
\l_tmpa_muskip=\muskip14
\l_tmpb_muskip=\muskip15
\g_tmpa_muskip=\muskip16
\g_tmpb_muskip=\muskip17
\l_keys_choice_int=\count142
\l__intarray_loop_int=\count143
\c__intarray_sp_dim=\dimen150
\g__intarray_font_int=\count144
\c__fp_leading_shift_int=\count145
\c__fp_middle_shift_int=\count146
\c__fp_trailing_shift_int=\count147
\c__fp_big_leading_shift_int=\count148
\c__fp_big_middle_shift_int=\count149
\c__fp_big_trailing_shift_int=\count150
\c__fp_Bigg_leading_shift_int=\count151
\c__fp_Bigg_middle_shift_int=\count152
\c__fp_Bigg_trailing_shift_int=\count153
\c__kernel_randint_max_int=\count154
\g__fp_array_int=\count155
\l__fp_array_loop_int=\count156
\g__cctab_allocate_int=\count157
\l__sort_length_int=\count158
\l__sort_min_int=\count159
\l__sort_top_int=\count160
\l__sort_max_int=\count161
\l__sort_true_max_int=\count162
\l__sort_block_int=\count163
\l__sort_begin_int=\count164
\l__sort_end_int=\count165
\l__sort_A_int=\count166
\l__sort_B_int=\count167
\l__sort_C_int=\count168
\c__str_replacement_char_int=\count169
\l__str_modulo_int=\count170
\l__tl_analysis_normal_int=\count171
\l__tl_analysis_index_int=\count172
\l__tl_analysis_nesting_int=\count173
\l__tl_analysis_type_int=\count174
\l__regex_internal_a_int=\count175
\l__regex_internal_b_int=\count176
\l__regex_internal_c_int=\count177
\l__regex_balance_int=\count178
\l__regex_group_level_int=\count179
\l__regex_mode_int=\count180
\c__regex_cs_in_class_mode_int=\count181
\c__regex_cs_mode_int=\count182
\l__regex_catcodes_int=\count183
\l__regex_default_catcodes_int=\count184
\c__regex_catcode_D_int=\count185
\c__regex_catcode_S_int=\count186
\c__regex_catcode_L_int=\count187
\c__regex_catcode_O_int=\count188
\c__regex_catcode_A_int=\count189
\c__regex_all_catcodes_int=\count190
\l__regex_show_lines_int=\count191
\l__regex_min_state_int=\count192
\l__regex_max_state_int=\count193
\l__regex_left_state_int=\count194
\l__regex_right_state_int=\count195
\l__regex_capturing_group_int=\count196
\l__regex_min_pos_int=\count197
\l__regex_max_pos_int=\count198
\l__regex_curr_pos_int=\count199
\l__regex_start_pos_int=\count266
\l__regex_success_pos_int=\count267
\l__regex_curr_char_int=\count268
\l__regex_curr_catcode_int=\count269
\l__regex_last_char_int=\count270
\l__regex_case_changed_char_int=\count271
\l__regex_curr_state_int=\count272
\l__regex_step_int=\count273
\l__regex_min_active_int=\count274
\l__regex_max_active_int=\count275
\l__regex_replacement_csnames_int=\count276
\l__regex_match_count_int=\count277
\l__regex_min_submatch_int=\count278
\l__regex_submatch_int=\count279
\l__regex_zeroth_submatch_int=\count280
\g__regex_trace_regex_int=\count281
\c_empty_box=\box34
\l_tmpa_box=\box35
\l_tmpb_box=\box36
\g_tmpa_box=\box37
\g_tmpb_box=\box38
\l__box_top_dim=\dimen151
\l__box_bottom_dim=\dimen152
\l__box_left_dim=\dimen153
\l__box_right_dim=\dimen154
\l__box_top_new_dim=\dimen155
\l__box_bottom_new_dim=\dimen156
\l__box_left_new_dim=\dimen157
\l__box_right_new_dim=\dimen158
\l__box_internal_box=\box39
\l__coffin_internal_box=\box40
\l__coffin_internal_dim=\dimen159
\l__coffin_offset_x_dim=\dimen160
\l__coffin_offset_y_dim=\dimen161
\l__coffin_x_dim=\dimen162
\l__coffin_y_dim=\dimen163
\l__coffin_x_prime_dim=\dimen164
\l__coffin_y_prime_dim=\dimen165
\c_empty_coffin=\box41
\l__coffin_aligned_coffin=\box42
\l__coffin_aligned_internal_coffin=\box43
\l_tmpa_coffin=\box44
\l_tmpb_coffin=\box45
\g_tmpa_coffin=\box46
\g_tmpb_coffin=\box47
\l__coffin_bounding_shift_dim=\dimen166
\l__coffin_left_corner_dim=\dimen167
\l__coffin_right_corner_dim=\dimen168
\l__coffin_bottom_corner_dim=\dimen169
\l__coffin_top_corner_dim=\dimen170
\l__coffin_scaled_total_height_dim=\dimen171
\l__coffin_scaled_width_dim=\dimen172
\c__coffin_empty_coffin=\box48
\l__coffin_display_coffin=\box49
\l__coffin_display_coord_coffin=\box50
\l__coffin_display_pole_coffin=\box51
\l__coffin_display_offset_dim=\dimen173
\l__coffin_display_x_dim=\dimen174
\l__coffin_display_y_dim=\dimen175
\g__char_data_ior=\read1

("C:\Users\Tokor\AppData\Local\Programs\MiKTeX 2.9\tex/latex/l3kernel\l3depreca
tion.def"
File: l3deprecation.def 2019-04-06 v L3 Deprecated functions
))
("C:\Users\Tokor\AppData\Local\Programs\MiKTeX 2.9\tex/latex/l3backend\l3backen
d-pdftex.def"
File: l3backend-pdftex.def 2020-09-24 L3 backend support: PDF output (pdfTeX)
\l__kernel_color_stack_int=\count282
\l__pdf_internal_box=\box52
))
("C:\Users\Tokor\AppData\Local\Programs\MiKTeX 2.9\tex/latex/l3packages/xparse\
xparse.sty"
Package: xparse 2020-10-27 L3 Experimental document command parser

("C:\Users\Tokor\AppData\Local\Programs\MiKTeX 2.9\tex/latex/l3packages/xparse\
xparse-generic.tex"
\l__xparse_current_arg_int=\count283
\g__xparse_grabber_int=\count284
\l__xparse_m_args_int=\count285
\l__xparse_v_nesting_int=\count286
))
Package: siunitx 2020/02/25 v2.8b A comprehensive (SI) units package
 ("C:\Program Files\MiKTeX 2.9\tex/latex/tools\array.sty"
Package: array 2018/12/30 v2.4k Tabular extension package (FMi)
\col@sep=\dimen176
\ar@mcellbox=\box53
\extrarowheight=\dimen177
\NC@list=\toks26
\extratabsurround=\skip63
\backup@length=\skip64
\ar@cellbox=\box54
)
("C:\Users\Tokor\AppData\Local\Programs\MiKTeX 2.9\tex/latex/l3packages/l3keys2
e\l3keys2e.sty"
Package: l3keys2e 2020-10-27 LaTeX2e option processing using LaTeX3 keys
)
\l__siunitx_tmp_box=\box55
\l__siunitx_tmp_dim=\dimen178
\l__siunitx_tmp_int=\count287
\l__siunitx_number_mantissa_length_int=\count288
\l__siunitx_number_uncert_length_int=\count289
\l__siunitx_round_int=\count290
\l__siunitx_process_decimal_int=\count291
\l__siunitx_process_uncertainty_int=\count292
\l__siunitx_process_fixed_int=\count293
\l__siunitx_process_integer_min_int=\count294
\l__siunitx_process_precision_int=\count295
\l__siunitx_group_min_int=\count296
\l__siunitx_angle_marker_box=\box56
\l__siunitx_angle_unit_box=\box57
\l__siunitx_angle_marker_dim=\dimen179
\l__siunitx_angle_unit_dim=\dimen180
\l__siunitx_unit_int=\count297
\l__siunitx_unit_denominator_int=\count298
\l__siunitx_unit_numerator_int=\count299
\l__siunitx_unit_prefix_int=\count300
\l__siunitx_unit_prefix_base_int=\count301
\l__siunitx_unit_prefix_gram_int=\count302
\l__siunitx_number_product_int=\count303
\c__siunitx_one_fill_skip=\skip65
\l__siunitx_table_unit_align_skip=\skip66
\l__siunitx_table_exponent_dim=\dimen181
\l__siunitx_table_integer_dim=\dimen182
\l__siunitx_table_mantissa_dim=\dimen183
\l__siunitx_table_marker_dim=\dimen184
\l__siunitx_table_result_dim=\dimen185
\l__siunitx_table_uncert_dim=\dimen186
\l__siunitx_table_fill_pre_dim=\dimen187
\l__siunitx_table_fill_post_dim=\dimen188
\l__siunitx_table_fill_mid_dim=\dimen189
\l__siunitx_table_pre_box=\box58
\l__siunitx_table_post_box=\box59
\l__siunitx_table_mantissa_box=\box60
\l__siunitx_table_result_box=\box61
\l__siunitx_table_number_align_skip=\skip67
\l__siunitx_table_text_align_skip=\skip68

("C:\Users\Tokor\AppData\Local\Programs\MiKTeX 2.9\tex/latex/translator\transla
tor.sty"
Package: translator 2020-08-03 v1.12c Easy translation of strings in LaTeX
))
("C:\Users\Tokor\AppData\Local\Programs\MiKTeX 2.9\tex/latex/caption\caption.st
y"
Package: caption 2020/10/26 v3.5g Customizing captions (AR)

("C:\Users\Tokor\AppData\Local\Programs\MiKTeX 2.9\tex/latex/caption\caption3.s
ty"
Package: caption3 2020/10/21 v2.2e caption3 kernel (AR)
\captionmargin=\dimen190
\captionmargin@=\dimen191
\captionwidth=\dimen192
\caption@tempdima=\dimen193
\caption@indent=\dimen194
\caption@parindent=\dimen195
\caption@hangindent=\dimen196
Package caption Info: Standard document class detected.
)
\c@caption@flags=\count304
\c@continuedfloat=\count305
Package caption Info: hyperref package is loaded.
Package caption Info: listings package is loaded.
)
("C:\Users\Tokor\AppData\Local\Programs\MiKTeX 2.9\tex/latex/csquotes\csquotes.
sty"
Package: csquotes 2019-12-06 v5.2j context-sensitive quotations (JAW)

("C:\Users\Tokor\AppData\Local\Programs\MiKTeX 2.9\tex/latex/etoolbox\etoolbox.
sty"
Package: etoolbox 2020/10/05 v2.5k e-TeX tools for LaTeX (JAW)
\etb@tempcnta=\count306
)
\csq@reset=\count307
\csq@gtype=\count308
\csq@glevel=\count309
\csq@qlevel=\count310
\csq@maxlvl=\count311
\csq@tshold=\count312
\csq@ltx@everypar=\toks27

("C:\Users\Tokor\AppData\Local\Programs\MiKTeX 2.9\tex/latex/csquotes\csquotes.
def"
File: csquotes.def 2019-12-06 v5.2j csquotes generic definitions (JAW)
)
Package csquotes Info: Trying to load configuration file 'csquotes.cfg'...
Package csquotes Info: ... configuration file loaded successfully.

("C:\Users\Tokor\AppData\Local\Programs\MiKTeX 2.9\tex/latex/csquotes\csquotes.
cfg"
File: csquotes.cfg 
))
("C:\Users\Tokor\AppData\Local\Programs\MiKTeX 2.9\tex/latex/glossaries/base\gl
ossaries.sty"
Package: glossaries 2020/03/19 v4.46 (NLCT)
 ("C:\Program Files\MiKTeX 2.9\tex/latex/base\ifthen.sty"
Package: ifthen 2014/09/29 v1.1c Standard LaTeX ifthen package (DPC)
)
("C:\Program Files\MiKTeX 2.9\tex/latex/xkeyval\xkeyval.sty"
Package: xkeyval 2014/12/03 v2.7a package option processing (HA)

("C:\Program Files\MiKTeX 2.9\tex/generic/xkeyval\xkeyval.tex"
("C:\Program Files\MiKTeX 2.9\tex/generic/xkeyval\xkvutils.tex"
\XKV@toks=\toks28
\XKV@tempa@toks=\toks29
)
\XKV@depth=\count313
File: xkeyval.tex 2014/12/03 v2.7a key=value parser (HA)
))
("C:\Users\Tokor\AppData\Local\Programs\MiKTeX 2.9\tex/latex/mfirstuc\mfirstuc.
sty"
Package: mfirstuc 2017/11/14 v2.06 (NLCT)
\@glsmfirst=\toks30
\@glsmrest=\toks31
)
("C:\Users\Tokor\AppData\Local\Programs\MiKTeX 2.9\tex/latex/textcase\textcase.
sty"
Package: textcase 2019/09/14 v1.00 Text only upper/lower case changing (DPC)
) ("C:\Users\Tokor\AppData\Local\Programs\MiKTeX 2.9\tex/latex/xfor\xfor.sty"
Package: xfor 2009/02/05 v1.05 (NLCT)
)
("C:\Users\Tokor\AppData\Local\Programs\MiKTeX 2.9\tex/latex/datatool\datatool-
base.sty"
Package: datatool-base 2019/09/27 v2.32 (NLCT)

("C:\Users\Tokor\AppData\Local\Programs\MiKTeX 2.9\tex/latex/substr\substr.sty"
Package: substr 2009/10/20 v1.2 Handle substrings
\c@su@anzahl=\count314
)
("C:\Users\Tokor\AppData\Local\Programs\MiKTeX 2.9\tex/latex/datatool\datatool-
fp.sty"
Package: datatool-fp 2019/09/27 v2.32 (NLCT)
 ("C:\Users\Tokor\AppData\Local\Programs\MiKTeX 2.9\tex/latex/fp\fp.sty"
Package: fp 1995/04/02
`Fixed Point Package', Version 0.8, April 2, 1995 (C) Michael Mehlich
("C:\Users\Tokor\AppData\Local\Programs\MiKTeX 2.9\tex/latex/fp\defpattern.sty"
Package: defpattern 1994/10/12
\actioncount=\count315
) ("C:\Users\Tokor\AppData\Local\Programs\MiKTeX 2.9\tex/latex/fp\fp-basic.sty"
Package: fp-basic 1996/05/13
\FP@xs=\count316
\FP@xia=\count317
\FP@xib=\count318
\FP@xfa=\count319
\FP@xfb=\count320
\FP@rega=\count321
\FP@regb=\count322
\FP@regs=\count323
\FP@times=\count324
) ("C:\Users\Tokor\AppData\Local\Programs\MiKTeX 2.9\tex/latex/fp\fp-addons.sty
"
Package: fp-addons 1995/03/15
) ("C:\Users\Tokor\AppData\Local\Programs\MiKTeX 2.9\tex/latex/fp\fp-snap.sty"
Package: fp-snap 1995/04/05
) ("C:\Users\Tokor\AppData\Local\Programs\MiKTeX 2.9\tex/latex/fp\fp-exp.sty"
Package: fp-exp 1995/04/03
)
("C:\Users\Tokor\AppData\Local\Programs\MiKTeX 2.9\tex/latex/fp\fp-trigo.sty"
Package: fp-trigo 1995/04/14
)
("C:\Users\Tokor\AppData\Local\Programs\MiKTeX 2.9\tex/latex/fp\fp-pas.sty"
Package: fp-pas 1994/08/29
)
("C:\Users\Tokor\AppData\Local\Programs\MiKTeX 2.9\tex/latex/fp\fp-random.sty"
Package: fp-random 1995/02/23
\FPseed=\count325
) ("C:\Users\Tokor\AppData\Local\Programs\MiKTeX 2.9\tex/latex/fp\fp-eqn.sty"
Package: fp-eqn 1995/04/03
)
("C:\Users\Tokor\AppData\Local\Programs\MiKTeX 2.9\tex/latex/fp\fp-upn.sty"
Package: fp-upn 1996/10/21
)
("C:\Users\Tokor\AppData\Local\Programs\MiKTeX 2.9\tex/latex/fp\fp-eval.sty"
Package: fp-eval 1995/04/03
)))
\@dtl@toks=\toks32
\@dtl@tmpcount=\count326
\dtl@tmplength=\skip69
\dtl@sortresult=\count327
\@dtl@numgrpsepcount=\count328
\@dtl@datatype=\count329
\dtl@codeA=\count330
\dtl@codeB=\count331
\@dtl@foreach@level=\count332
)
("C:\Users\Tokor\AppData\Local\Programs\MiKTeX 2.9\tex/latex/glossaries/base\gl
ossaries-compatible-307.sty"
Package: glossaries-compatible-307 2020/03/19 v4.46 (NLCT)
)
("C:\Users\Tokor\AppData\Local\Programs\MiKTeX 2.9\tex/latex/tracklang\tracklan
g.sty"
Package: tracklang 2020/06/30 v1.5 (NLCT) Track Languages

("C:\Users\Tokor\AppData\Local\Programs\MiKTeX 2.9\tex/generic/tracklang\trackl
ang.tex"))
("C:\Users\Tokor\AppData\Local\Programs\MiKTeX 2.9\tex/latex/glossaries-english
\glossaries-english.ldf"
File: glossaries-english.ldf 2014/11/23 v1.0
)
\gls@level=\count333
\@gls@tmpb=\toks33
\gls@tmplen=\skip70
\glskeylisttok=\toks34
\glslabeltok=\toks35
\glsshorttok=\toks36
\glslongtok=\toks37

("C:\Users\Tokor\AppData\Local\Programs\MiKTeX 2.9\tex/latex/glossaries/styles\
glossary-hypernav.sty"
Package: glossary-hypernav 2020/03/19 v4.46 (NLCT)
)
("C:\Users\Tokor\AppData\Local\Programs\MiKTeX 2.9\tex/latex/glossaries/styles\
glossary-list.sty"
Package: glossary-list 2020/03/19 v4.46 (NLCT)
\glslistdottedwidth=\skip71
)
("C:\Users\Tokor\AppData\Local\Programs\MiKTeX 2.9\tex/latex/glossaries/styles\
glossary-long.sty"
Package: glossary-long 2020/03/19 v4.46 (NLCT)
 ("C:\Program Files\MiKTeX 2.9\tex/latex/tools\longtable.sty"
Package: longtable 2014/10/28 v4.11 Multi-page Table package (DPC)+ FMi change
\LTleft=\skip72
\LTright=\skip73
\LTpre=\skip74
\LTpost=\skip75
\LTchunksize=\count334
\LTcapwidth=\dimen197
\LT@head=\box62
\LT@firsthead=\box63
\LT@foot=\box64
\LT@lastfoot=\box65
\LT@cols=\count335
\LT@rows=\count336
\c@LT@tables=\count337
\c@LT@chunks=\count338
\LT@p@ftn=\toks38
)
\glsdescwidth=\skip76
\glspagelistwidth=\skip77
)
("C:\Users\Tokor\AppData\Local\Programs\MiKTeX 2.9\tex/latex/glossaries/styles\
glossary-super.sty"
Package: glossary-super 2020/03/19 v4.46 (NLCT)

("C:\Users\Tokor\AppData\Local\Programs\MiKTeX 2.9\tex/latex/supertabular\super
tabular.sty"
Package: supertabular 2020/02/02 v4.1g the supertabular environment
\c@tracingst=\count339
\ST@wd=\dimen198
\ST@rightskip=\skip78
\ST@leftskip=\skip79
\ST@parfillskip=\skip80
\ST@pageleft=\dimen199
\ST@headht=\dimen256
\ST@tailht=\dimen257
\ST@pagesofar=\dimen258
\ST@pboxht=\dimen259
\ST@lineht=\dimen260
\ST@prevht=\dimen261
\ST@toadd=\dimen262
\ST@dimen=\dimen263
\ST@pbox=\box66
))
("C:\Users\Tokor\AppData\Local\Programs\MiKTeX 2.9\tex/latex/glossaries/styles\
glossary-tree.sty"
Package: glossary-tree 2020/03/19 v4.46 (NLCT)
\glstreeindent=\skip81
)) ("C:\Program Files\MiKTeX 2.9\tex/latex/tools\tabularx.sty"
Package: tabularx 2016/02/03 v2.11b `tabularx' package (DPC)
\TX@col@width=\dimen264
\TX@old@table=\dimen265
\TX@old@col=\dimen266
\TX@target=\dimen267
\TX@delta=\dimen268
\TX@cols=\count340
\TX@ftn=\toks39
) ("C:\Program Files\MiKTeX 2.9\tex/latex/oberdiek\pdflscape.sty"
Package: pdflscape 2016/05/14 v0.11 Display of landscape pages in PDF (HO)

("C:\Program Files\MiKTeX 2.9\tex/latex/graphics\lscape.sty"
Package: lscape 2000/10/22 v3.01 Landscape Pages (DPC)
)
Package pdflscape Info: Auto-detected driver: pdftex on input line 81.
)
("C:\Program Files\MiKTeX 2.9\tex/latex/tools\verbatim.sty"
Package: verbatim 2014/10/28 v1.5q LaTeX2e package for verbatim enhancements
\every@verbatim=\toks40
\verbatim@line=\toks41
\verbatim@in@stream=\read2
)
("C:\Program Files\MiKTeX 2.9\tex/latex/float\float.sty"
Package: float 2001/11/08 v1.3d Float enhancements (AL)
\c@float@type=\count341
\float@exts=\toks42
\float@box=\box67
\@float@everytoks=\toks43
\@floatcapt=\box68
)
("C:\Users\Tokor\AppData\Local\Programs\MiKTeX 2.9\tex/latex/subfig\subfig.sty"
Package: subfig 2005/06/28 ver: 1.3 subfig package
\c@KVtest=\count342
\sf@farskip=\skip82
\sf@captopadj=\dimen269
\sf@capskip=\skip83
\sf@nearskip=\skip84
\c@subfigure=\count343
\c@subfigure@save=\count344
\c@lofdepth=\count345
\c@subtable=\count346
\c@subtable@save=\count347
\c@lotdepth=\count348
\sf@top=\skip85
\sf@bottom=\skip86
)
("C:\Users\Tokor\AppData\Local\Programs\MiKTeX 2.9\tex/latex/placeins\placeins.
sty"
Package: placeins 2005/04/18  v 2.2
)
("C:\Users\Tokor\AppData\Local\Programs\MiKTeX 2.9\tex/latex/natbib\natbib.sty"
Package: natbib 2010/09/13 8.31b (PWD, AO)
\bibhang=\skip87
\bibsep=\skip88
LaTeX Info: Redefining \cite on input line 694.
\c@NAT@ctr=\count349
)
("C:\Users\Tokor\AppData\Local\Programs\MiKTeX 2.9\tex/latex/listings\lstlang1.
sty"
File: lstlang1.sty 2020/03/24 1.8d listings language file
)
("C:\Users\Tokor\AppData\Local\Programs\MiKTeX 2.9\tex/latex/listings\lstlang2.
sty"
File: lstlang2.sty 2020/03/24 1.8d listings language file
)
("C:\Users\Tokor\AppData\Local\Programs\MiKTeX 2.9\tex/latex/listings\lstlang3.
sty"
File: lstlang3.sty 2020/03/24 1.8d listings language file
)
Package csquotes Info: Checking for multilingual support...
Package csquotes Info: ... none found.
 ("Thesis-2019-Jung .aux" (1.Frontmatter/titlepage.aux)
(1.Frontmatter/abstract.aux) (1.Frontmatter/dedication.aux)
(1.Frontmatter/declaration.aux) (1.Frontmatter/acknowledgement.aux)
(2.Mainmatter/ch1Background.aux

LaTeX Warning: Label `baye9' multiply defined.


LaTeX Warning: Label `baye9@cref' multiply defined.


LaTeX Warning: Label `baye9' multiply defined.


LaTeX Warning: Label `baye9@cref' multiply defined.

) (2.Mainmatter/ch2Simulations.aux) (2.Mainmatter/ch3MIMIC.aux

LaTeX Warning: Label `hbm8b' multiply defined.


LaTeX Warning: Label `hbm8b@cref' multiply defined.


LaTeX Warning: Label `hbm8b' multiply defined.


LaTeX Warning: Label `hbm8b@cref' multiply defined.


LaTeX Warning: Label `hbm8b' multiply defined.


LaTeX Warning: Label `hbm8b@cref' multiply defined.

) (2.Mainmatter/conclusion.aux) (3.Endmatter/R-Codes.aux))
\openout1 = `"Thesis-2019-Jung .aux"'.

LaTeX Font Info:    Checking defaults for OML/cmm/m/it on input line 145.
LaTeX Font Info:    ... okay on input line 145.
LaTeX Font Info:    Checking defaults for T1/cmr/m/n on input line 145.
LaTeX Font Info:    ... okay on input line 145.
LaTeX Font Info:    Checking defaults for OT1/cmr/m/n on input line 145.
LaTeX Font Info:    ... okay on input line 145.
LaTeX Font Info:    Checking defaults for OMS/cmsy/m/n on input line 145.
LaTeX Font Info:    ... okay on input line 145.
LaTeX Font Info:    Checking defaults for OMX/cmex/m/n on input line 145.
LaTeX Font Info:    ... okay on input line 145.
LaTeX Font Info:    Checking defaults for U/cmr/m/n on input line 145.
LaTeX Font Info:    ... okay on input line 145.
LaTeX Font Info:    Checking defaults for PD1/pdf/m/n on input line 145.
LaTeX Font Info:    ... okay on input line 145.
LaTeX Font Info:    Checking defaults for C00/song/m/n on input line 145.
LaTeX Font Info:    ... okay on input line 145.
LaTeX Font Info:    Checking defaults for C05/song/m/n on input line 145.
LaTeX Font Info:    ... okay on input line 145.
LaTeX Font Info:    Checking defaults for C09/song/m/n on input line 145.
LaTeX Font Info:    ... okay on input line 145.
LaTeX Font Info:    Checking defaults for C10/song/m/n on input line 145.
LaTeX Font Info:    ... okay on input line 145.
LaTeX Font Info:    Checking defaults for C20/song/m/n on input line 145.
LaTeX Font Info:    ... okay on input line 145.
LaTeX Font Info:    Checking defaults for C19/song/m/n on input line 145.
LaTeX Font Info:    ... okay on input line 145.
LaTeX Font Info:    Checking defaults for C40/song/m/n on input line 145.
LaTeX Font Info:    ... okay on input line 145.
LaTeX Font Info:    Checking defaults for C42/song/m/n on input line 145.
LaTeX Font Info:    ... okay on input line 145.
LaTeX Font Info:    Checking defaults for C43/song/m/n on input line 145.
LaTeX Font Info:    ... okay on input line 145.
LaTeX Font Info:    Checking defaults for C50/song/m/n on input line 145.
LaTeX Font Info:    ... okay on input line 145.
LaTeX Font Info:    Checking defaults for C52/song/m/n on input line 145.
LaTeX Font Info:    ... okay on input line 145.
LaTeX Font Info:    Checking defaults for C49/song/m/n on input line 145.
LaTeX Font Info:    ... okay on input line 145.
LaTeX Font Info:    Checking defaults for C60/mj/m/n on input line 145.
LaTeX Font Info:    ... okay on input line 145.
LaTeX Font Info:    Checking defaults for C61/mj/m/n on input line 145.
LaTeX Font Info:    ... okay on input line 145.
LaTeX Font Info:    Checking defaults for C63/mj/m/n on input line 145.
LaTeX Font Info:    ... okay on input line 145.
LaTeX Font Info:    Checking defaults for C64/mj/m/n on input line 145.
LaTeX Font Info:    ... okay on input line 145.
LaTeX Font Info:    Checking defaults for C65/mj/m/n on input line 145.
LaTeX Font Info:    ... okay on input line 145.
LaTeX Font Info:    Checking defaults for C70/song/m/n on input line 145.
LaTeX Font Info:    ... okay on input line 145.
LaTeX Font Info:    Checking defaults for C31/song/m/n on input line 145.
LaTeX Font Info:    ... okay on input line 145.
LaTeX Font Info:    Checking defaults for C32/song/m/n on input line 145.
LaTeX Font Info:    ... okay on input line 145.
LaTeX Font Info:    Checking defaults for C33/song/m/n on input line 145.
LaTeX Font Info:    ... okay on input line 145.
LaTeX Font Info:    Checking defaults for C34/song/m/n on input line 145.
LaTeX Font Info:    ... okay on input line 145.
LaTeX Font Info:    Checking defaults for C35/song/m/n on input line 145.
LaTeX Font Info:    ... okay on input line 145.
LaTeX Font Info:    Checking defaults for C36/song/m/n on input line 145.
LaTeX Font Info:    ... okay on input line 145.
LaTeX Font Info:    Checking defaults for C37/song/m/n on input line 145.
LaTeX Font Info:    ... okay on input line 145.
LaTeX Font Info:    Checking defaults for C80/song/m/n on input line 145.
LaTeX Font Info:    ... okay on input line 145.
LaTeX Font Info:    Checking defaults for C81/song/m/n on input line 145.
LaTeX Font Info:    ... okay on input line 145.
LaTeX Font Info:    Checking defaults for C01/song/m/n on input line 145.
LaTeX Font Info:    ... okay on input line 145.
LaTeX Font Info:    Checking defaults for C11/song/m/n on input line 145.
LaTeX Font Info:    ... okay on input line 145.
LaTeX Font Info:    Checking defaults for C21/song/m/n on input line 145.
LaTeX Font Info:    ... okay on input line 145.
LaTeX Font Info:    Checking defaults for C41/song/m/n on input line 145.
LaTeX Font Info:    ... okay on input line 145.
LaTeX Font Info:    Checking defaults for C62/song/m/n on input line 145.
LaTeX Font Info:    ... okay on input line 145.
\AtBeginShipoutBox=\box69
Package hyperref Info: Link coloring OFF on input line 145.

("C:\Program Files\MiKTeX 2.9\tex/latex/hyperref\nameref.sty"
Package: nameref 2016/05/21 v2.44 Cross-referencing by name of section

("C:\Program Files\MiKTeX 2.9\tex/latex/oberdiek\refcount.sty"
Package: refcount 2016/05/16 v3.5 Data extraction from label references (HO)
)
("C:\Program Files\MiKTeX 2.9\tex/generic/oberdiek\gettitlestring.sty"
Package: gettitlestring 2016/05/16 v1.5 Cleanup title references (HO)
)
\c@section@level=\count350
)
LaTeX Info: Redefining \ref on input line 145.
LaTeX Info: Redefining \pageref on input line 145.
LaTeX Info: Redefining \nameref on input line 145.

("Thesis-2019-Jung .out") ("Thesis-2019-Jung .out")
\@outlinefile=\write3
\openout3 = `"Thesis-2019-Jung .out"'.


*geometry* driver: auto-detecting
*geometry* detected driver: pdftex
*geometry* verbose mode - [ preamble ] result:
* driver: pdftex
* paper: <default>
* layout: <same size as paper>
* layoutoffset:(h,v)=(0.0pt,0.0pt)
* modes: twoside 
* h-part:(L,W,R)=(113.81102pt, 429.3521pt, 71.13188pt)
* v-part:(T,H,B)=(85.35826pt, 638.47984pt, 71.13188pt)
* \paperwidth=614.295pt
* \paperheight=794.96999pt
* \textwidth=429.3521pt
* \textheight=638.47984pt
* \oddsidemargin=41.54103pt
* \evensidemargin=-1.1381pt
* \topmargin=-23.91173pt
* \headheight=12.0pt
* \headsep=25.0pt
* \topskip=12.0pt
* \footskip=30.0pt
* \marginparwidth=95.0pt
* \marginparsep=10.0pt
* \columnsep=10.0pt
* \skip\footins=10.8pt plus 4.0pt minus 2.0pt
* \hoffset=0.0pt
* \voffset=0.0pt
* \mag=1000
* \@twocolumnfalse
* \@twosidetrue
* \@mparswitchtrue
* \@reversemarginfalse
* (1in=72.27pt=25.4mm, 1cm=28.453pt)


("C:\Users\Tokor\AppData\Local\Programs\MiKTeX 2.9\tex/context/base/mkii\supp-p
df.mkii"
[Loading MPS to PDF converter (version 2006.09.02).]
\scratchcounter=\count351
\scratchdimen=\dimen270
\scratchbox=\box70
\nofMPsegments=\count352
\nofMParguments=\count353
\everyMPshowfont=\toks44
\MPscratchCnt=\count354
\MPscratchDim=\dimen271
\MPnumerator=\count355
\makeMPintoPDFobject=\count356
\everyMPtoPDFconversion=\toks45
) ("C:\Program Files\MiKTeX 2.9\tex/latex/oberdiek\epstopdf-base.sty"
Package: epstopdf-base 2016/05/15 v2.6 Base part for package epstopdf

("C:\Program Files\MiKTeX 2.9\tex/latex/oberdiek\grfext.sty"
Package: grfext 2016/05/16 v1.2 Manage graphics extensions (HO)
)
Package epstopdf-base Info: Redefining graphics rule for `.eps' on input line 4
38.
Package grfext Info: Graphics extension search list:
(grfext)             [.pdf,.png,.jpg,.mps,.jpeg,.jbig2,.jb2,.PDF,.PNG,.JPG,.JPE
G,.JBIG2,.JB2,.eps]
(grfext)             \AppendGraphicsExtensions on input line 456.
)
\c@lstlisting=\count357
LaTeX Info: Redefining \microtypecontext on input line 145.
Package microtype Info: Generating PDF output.
Package microtype Info: Character protrusion enabled (level 2).
Package microtype Info: Using default protrusion set `alltext'.
Package microtype Info: Automatic font expansion enabled (level 2),
(microtype)             stretch: 20, shrink: 20, step: 1, non-selected.
Package microtype Info: Using default expansion set `basictext'.
Package microtype Info: No adjustment of tracking.
Package microtype Info: No adjustment of interword spacing.
Package microtype Info: No adjustment of character kerning.

("C:\Users\Tokor\AppData\Local\Programs\MiKTeX 2.9\tex/latex/microtype\mt-cmr.c
fg"
File: mt-cmr.cfg 2013/05/19 v2.2 microtype config. file: Computer Modern Roman 
(RS)
) ("C:\Program Files\MiKTeX 2.9\tex/latex/base\textcomp.sty"
Package: textcomp 2018/08/11 v2.0j Standard LaTeX package
Package textcomp Info: Sub-encoding information:
(textcomp)               5 = only ISO-Adobe without \textcurrency
(textcomp)               4 = 5 + \texteuro
(textcomp)               3 = 4 + \textohm
(textcomp)               2 = 3 + \textestimated + \textcurrency
(textcomp)               1 = TS1 - \textcircled - \t
(textcomp)               0 = TS1 (full)
(textcomp)             Font families with sub-encoding setting implement
(textcomp)             only a restricted character set as indicated.
(textcomp)             Family '?' is the default used for unknown fonts.
(textcomp)             See the documentation for details.
Package textcomp Info: Setting ? sub-encoding to TS1/1 on input line 79.

("C:\Program Files\MiKTeX 2.9\tex/latex/base\ts1enc.def"
File: ts1enc.def 2001/06/05 v3.0e (jk/car/fm) Standard LaTeX file
Now handling font encoding TS1 ...
... processing UTF-8 mapping file for font encoding TS1

("C:\Program Files\MiKTeX 2.9\tex/latex/base\ts1enc.dfu"
File: ts1enc.dfu 2018/10/05 v1.2f UTF-8 support for inputenc
   defining Unicode char U+00A2 (decimal 162)
   defining Unicode char U+00A3 (decimal 163)
   defining Unicode char U+00A4 (decimal 164)
   defining Unicode char U+00A5 (decimal 165)
   defining Unicode char U+00A6 (decimal 166)
   defining Unicode char U+00A7 (decimal 167)
   defining Unicode char U+00A8 (decimal 168)
   defining Unicode char U+00A9 (decimal 169)
   defining Unicode char U+00AA (decimal 170)
   defining Unicode char U+00AC (decimal 172)
   defining Unicode char U+00AE (decimal 174)
   defining Unicode char U+00AF (decimal 175)
   defining Unicode char U+00B0 (decimal 176)
   defining Unicode char U+00B1 (decimal 177)
   defining Unicode char U+00B2 (decimal 178)
   defining Unicode char U+00B3 (decimal 179)
   defining Unicode char U+00B4 (decimal 180)
   defining Unicode char U+00B5 (decimal 181)
   defining Unicode char U+00B6 (decimal 182)
   defining Unicode char U+00B7 (decimal 183)
   defining Unicode char U+00B9 (decimal 185)
   defining Unicode char U+00BA (decimal 186)
   defining Unicode char U+00BC (decimal 188)
   defining Unicode char U+00BD (decimal 189)
   defining Unicode char U+00BE (decimal 190)
   defining Unicode char U+00D7 (decimal 215)
   defining Unicode char U+00F7 (decimal 247)
   defining Unicode char U+0192 (decimal 402)
   defining Unicode char U+02C7 (decimal 711)
   defining Unicode char U+02D8 (decimal 728)
   defining Unicode char U+02DD (decimal 733)
   defining Unicode char U+0E3F (decimal 3647)
   defining Unicode char U+2016 (decimal 8214)
   defining Unicode char U+2020 (decimal 8224)
   defining Unicode char U+2021 (decimal 8225)
   defining Unicode char U+2022 (decimal 8226)
   defining Unicode char U+2030 (decimal 8240)
   defining Unicode char U+2031 (decimal 8241)
   defining Unicode char U+203B (decimal 8251)
   defining Unicode char U+203D (decimal 8253)
   defining Unicode char U+2044 (decimal 8260)
   defining Unicode char U+204E (decimal 8270)
   defining Unicode char U+2052 (decimal 8274)
   defining Unicode char U+20A1 (decimal 8353)
   defining Unicode char U+20A4 (decimal 8356)
   defining Unicode char U+20A6 (decimal 8358)
   defining Unicode char U+20A9 (decimal 8361)
   defining Unicode char U+20AB (decimal 8363)
   defining Unicode char U+20AC (decimal 8364)
   defining Unicode char U+20B1 (decimal 8369)
   defining Unicode char U+2103 (decimal 8451)
   defining Unicode char U+2116 (decimal 8470)
   defining Unicode char U+2117 (decimal 8471)
   defining Unicode char U+211E (decimal 8478)
   defining Unicode char U+2120 (decimal 8480)
   defining Unicode char U+2122 (decimal 8482)
   defining Unicode char U+2126 (decimal 8486)
   defining Unicode char U+2127 (decimal 8487)
   defining Unicode char U+212E (decimal 8494)
   defining Unicode char U+2190 (decimal 8592)
   defining Unicode char U+2191 (decimal 8593)
   defining Unicode char U+2192 (decimal 8594)
   defining Unicode char U+2193 (decimal 8595)
   defining Unicode char U+2329 (decimal 9001)
   defining Unicode char U+232A (decimal 9002)
   defining Unicode char U+2422 (decimal 9250)
   defining Unicode char U+25E6 (decimal 9702)
   defining Unicode char U+25EF (decimal 9711)
   defining Unicode char U+266A (decimal 9834)
   defining Unicode char U+FEFF (decimal 65279)
))
LaTeX Info: Redefining \oldstylenums on input line 334.
Package textcomp Info: Setting cmr sub-encoding to TS1/0 on input line 349.
Package textcomp Info: Setting cmss sub-encoding to TS1/0 on input line 350.
Package textcomp Info: Setting cmtt sub-encoding to TS1/0 on input line 351.
Package textcomp Info: Setting cmvtt sub-encoding to TS1/0 on input line 352.
Package textcomp Info: Setting cmbr sub-encoding to TS1/0 on input line 353.
Package textcomp Info: Setting cmtl sub-encoding to TS1/0 on input line 354.
Package textcomp Info: Setting ccr sub-encoding to TS1/0 on input line 355.
Package textcomp Info: Setting ptm sub-encoding to TS1/4 on input line 356.
Package textcomp Info: Setting pcr sub-encoding to TS1/4 on input line 357.
Package textcomp Info: Setting phv sub-encoding to TS1/4 on input line 358.
Package textcomp Info: Setting ppl sub-encoding to TS1/3 on input line 359.
Package textcomp Info: Setting pag sub-encoding to TS1/4 on input line 360.
Package textcomp Info: Setting pbk sub-encoding to TS1/4 on input line 361.
Package textcomp Info: Setting pnc sub-encoding to TS1/4 on input line 362.
Package textcomp Info: Setting pzc sub-encoding to TS1/4 on input line 363.
Package textcomp Info: Setting bch sub-encoding to TS1/4 on input line 364.
Package textcomp Info: Setting put sub-encoding to TS1/5 on input line 365.
Package textcomp Info: Setting uag sub-encoding to TS1/5 on input line 366.
Package textcomp Info: Setting ugq sub-encoding to TS1/5 on input line 367.
Package textcomp Info: Setting ul8 sub-encoding to TS1/4 on input line 368.
Package textcomp Info: Setting ul9 sub-encoding to TS1/4 on input line 369.
Package textcomp Info: Setting augie sub-encoding to TS1/5 on input line 370.
Package textcomp Info: Setting dayrom sub-encoding to TS1/3 on input line 371.
Package textcomp Info: Setting dayroms sub-encoding to TS1/3 on input line 372.

Package textcomp Info: Setting pxr sub-encoding to TS1/0 on input line 373.
Package textcomp Info: Setting pxss sub-encoding to TS1/0 on input line 374.
Package textcomp Info: Setting pxtt sub-encoding to TS1/0 on input line 375.
Package textcomp Info: Setting txr sub-encoding to TS1/0 on input line 376.
Package textcomp Info: Setting txss sub-encoding to TS1/0 on input line 377.
Package textcomp Info: Setting txtt sub-encoding to TS1/0 on input line 378.
Package textcomp Info: Setting lmr sub-encoding to TS1/0 on input line 379.
Package textcomp Info: Setting lmdh sub-encoding to TS1/0 on input line 380.
Package textcomp Info: Setting lmss sub-encoding to TS1/0 on input line 381.
Package textcomp Info: Setting lmssq sub-encoding to TS1/0 on input line 382.
Package textcomp Info: Setting lmvtt sub-encoding to TS1/0 on input line 383.
Package textcomp Info: Setting lmtt sub-encoding to TS1/0 on input line 384.
Package textcomp Info: Setting qhv sub-encoding to TS1/0 on input line 385.
Package textcomp Info: Setting qag sub-encoding to TS1/0 on input line 386.
Package textcomp Info: Setting qbk sub-encoding to TS1/0 on input line 387.
Package textcomp Info: Setting qcr sub-encoding to TS1/0 on input line 388.
Package textcomp Info: Setting qcs sub-encoding to TS1/0 on input line 389.
Package textcomp Info: Setting qpl sub-encoding to TS1/0 on input line 390.
Package textcomp Info: Setting qtm sub-encoding to TS1/0 on input line 391.
Package textcomp Info: Setting qzc sub-encoding to TS1/0 on input line 392.
Package textcomp Info: Setting qhvc sub-encoding to TS1/0 on input line 393.
Package textcomp Info: Setting futs sub-encoding to TS1/4 on input line 394.
Package textcomp Info: Setting futx sub-encoding to TS1/4 on input line 395.
Package textcomp Info: Setting futj sub-encoding to TS1/4 on input line 396.
Package textcomp Info: Setting hlh sub-encoding to TS1/3 on input line 397.
Package textcomp Info: Setting hls sub-encoding to TS1/3 on input line 398.
Package textcomp Info: Setting hlst sub-encoding to TS1/3 on input line 399.
Package textcomp Info: Setting hlct sub-encoding to TS1/5 on input line 400.
Package textcomp Info: Setting hlx sub-encoding to TS1/5 on input line 401.
Package textcomp Info: Setting hlce sub-encoding to TS1/5 on input line 402.
Package textcomp Info: Setting hlcn sub-encoding to TS1/5 on input line 403.
Package textcomp Info: Setting hlcw sub-encoding to TS1/5 on input line 404.
Package textcomp Info: Setting hlcf sub-encoding to TS1/5 on input line 405.
Package textcomp Info: Setting pplx sub-encoding to TS1/3 on input line 406.
Package textcomp Info: Setting pplj sub-encoding to TS1/3 on input line 407.
Package textcomp Info: Setting ptmx sub-encoding to TS1/4 on input line 408.
Package textcomp Info: Setting ptmj sub-encoding to TS1/4 on input line 409.
)
("C:\Users\Tokor\AppData\Local\Programs\MiKTeX 2.9\tex/latex/translator\transla
tor-basic-dictionary-English.dict"
Dictionary: translator-basic-dictionary, Language: English 
)
("C:\Users\Tokor\AppData\Local\Programs\MiKTeX 2.9\tex/latex/siunitx\siunitx-ab
breviations.cfg"
File: siunitx-abbreviations.cfg 2017/11/26 v2.7k siunitx: Abbreviated units
)
Package caption Info: Begin \AtBeginDocument code.
Package caption Info: subfig package v1.3 is loaded.
Package caption Info: float package is loaded.
Package caption Info: longtable package is loaded.

("C:\Users\Tokor\AppData\Local\Programs\MiKTeX 2.9\tex/latex/caption\ltcaption.
sty"
Package: ltcaption 2020/05/30 v1.4b longtable captions (AR)
)
Package caption Info: supertabular package is loaded.
Package caption Info: End \AtBeginDocument code.
Package microtype Info: Loading generic protrusion settings for font family
(microtype)             `cmss' (encoding: OT1).
(microtype)             For optimal results, create family-specific settings.
(microtype)             See the microtype manual for details.
Package microtype Info: Loading generic protrusion settings for font family
(microtype)             `cmtt' (encoding: OT1).
(microtype)             For optimal results, create family-specific settings.
(microtype)             See the microtype manual for details.
\openout2 = `1.Frontmatter/titlepage.aux'.

 (1.Frontmatter/titlepage.tex
<"Figures/UoA logos/UoAlogotransparent".png, id=267, 1885.30435pt x 1885.30435p
t>
File: "Figures/UoA logos/UoAlogotransparent".png Graphic file (type png)
<use "Figures/UoA logos/UoAlogotransparent".png>
Package pdftex.def Info: "Figures/UoA logos/UoAlogotransparent".png  used on in
put line 15.
(pdftex.def)             Requested size: 216.81pt x 216.79106pt.

("C:\Users\Tokor\AppData\Local\Programs\MiKTeX 2.9\tex/latex/cjk/UTF8\UTF8.bdg"
File: UTF8.bdg 2015/04/18 4.8.4
) ("C:\Users\Tokor\AppData\Local\Programs\MiKTeX 2.9\tex/latex/cjk/UTF8\UTF8.en
c"
File: UTF8.enc 2015/04/18 4.8.4
)
("C:\Users\Tokor\AppData\Local\Programs\MiKTeX 2.9\tex/latex/cjk/UTF8\UTF8.chr"
File: UTF8.chr 2015/04/18 4.8.4
)
LaTeX Font Info:    Try loading font information for C70+bsmi on input line 15.


("C:\Users\Tokor\AppData\Local\Programs\MiKTeX 2.9\tex/latex/cjk/UTF8\c70bsmi.f
d"
File: c70bsmi.fd 2015/04/18 4.8.4
)
("C:\Users\Tokor\AppData\Local\Programs\MiKTeX 2.9\tex/latex/cjk/UTF8\c70bsmi.f
dx"
File: c70bsmi.fdx 2015/04/18 4.8.4
) [1


{C:/Users/Tokor/AppData/Local/MiKTeX/2.9/pdftex/config/pdftex.map} <./Figures/U
oA logos/UoAlogotransparent.png>])pdfTeX warning (ext4): destination with the s
ame identifier (name{page.1}) has been already used, duplicate ignored
<to be read again> 
                   \relax 
l.148 	\blankpage
                  [1

]
\openout2 = `1.Frontmatter/abstract.aux'.

 (1.Frontmatter/abstract.tex) [1


]
\openout2 = `1.Frontmatter/dedication.aux'.


(1.Frontmatter/dedication.tex)
\openout2 = `1.Frontmatter/declaration.aux'.

 (1.Frontmatter/declaration.tex) [2





]
\openout2 = `1.Frontmatter/acknowledgement.aux'.


(1.Frontmatter/acknowledgement.tex) [3



] ("Thesis-2019-Jung .toc" [4


])
\tf@toc=\write4
\openout4 = `"Thesis-2019-Jung .toc"'.

 [5]
("Thesis-2019-Jung .lof" [6

] [7])
\tf@lof=\write5
\openout5 = `"Thesis-2019-Jung .lof"'.

 [8] ("Thesis-2019-Jung .lot" [9

])
\tf@lot=\write6
\openout6 = `"Thesis-2019-Jung .lot"'.



Package Fancyhdr Warning: \headheight is too small (12.0pt): 
Make it at least 14.49998pt.
We now make it that large for the rest of the document.
This may cause the page layout to be inconsistent, however.

[10]
\openout2 = `2.Mainmatter/ch1Background.aux'.

 (2.Mainmatter/ch1Background.tex
Chapter 1.
<Figures/treesimple.png, id=656, 581.92406pt x 368.1253pt>
File: Figures/treesimple.png Graphic file (type png)
<use Figures/treesimple.png>
Package pdftex.def Info: Figures/treesimple.png  used on input line 13.
(pdftex.def)             Requested size: 171.7382pt x 108.64096pt.
pdfTeX warning (ext4): destination with the same identifier (name{page.1}) has 
been already used, duplicate ignored
<to be read again> 
                   \relax 
l.19 
      [1


 <./Figures/treesimple.png (PNG copy)>] [2]
Underfull \vbox (badness 3271) has occurred while \output is active []

 [3]
[4] [5]
Underfull \vbox (badness 10000) has occurred while \output is active []

 [6]
<Figures/external/simple_anomaly.jpg, id=792, 1388.18625pt x 884.30376pt>
File: Figures/external/simple_anomaly.jpg Graphic file (type jpg)
<use Figures/external/simple_anomaly.jpg>
Package pdftex.def Info: Figures/external/simple_anomaly.jpg  used on input lin
e 80.
(pdftex.def)             Requested size: 133.72795pt x 85.18365pt.
<Figures/external/harder_anomaly.jpg, id=793, 1843.88875pt x 1256.695pt>
File: Figures/external/harder_anomaly.jpg Graphic file (type jpg)
<use Figures/external/harder_anomaly.jpg>
Package pdftex.def Info: Figures/external/harder_anomaly.jpg  used on input lin
e 81.
(pdftex.def)             Requested size: 133.72795pt x 91.1416pt.
<Figures/external/really_hard_anomaly.jpg, id=794, 1833.85126pt x 1273.75874pt>

File: Figures/external/really_hard_anomaly.jpg Graphic file (type jpg)
<use Figures/external/really_hard_anomaly.jpg>
Package pdftex.def Info: Figures/external/really_hard_anomaly.jpg  used on inpu
t line 82.
(pdftex.def)             Requested size: 133.72795pt x 92.88449pt.

[7 <./Figures/external/simple_anomaly.jpg> <./Figures/external/harder_anomaly.j
pg> <./Figures/external/really_hard_anomaly.jpg>] [8]
Underfull \hbox (badness 10000) in paragraph at lines 119--123

 []

[9] [10]

Package amsmath Warning: Foreign command \atopwithdelims;
(amsmath)                \frac or \genfrac should be used instead
(amsmath)                 on input line 184.

[11]
<Figures/freqbaye.png, id=893, 711.4078pt x 245.41687pt>
File: Figures/freqbaye.png Graphic file (type png)
<use Figures/freqbaye.png>
Package pdftex.def Info: Figures/freqbaye.png  used on input line 208.
(pdftex.def)             Requested size: 300.54515pt x 103.68102pt.
 [12 <./Figures/freqbaye.png>] [13]
<Figures/hbm.png, id=931, 691.83469pt x 289.08pt>
File: Figures/hbm.png Graphic file (type png)
<use Figures/hbm.png>
Package pdftex.def Info: Figures/hbm.png  used on input line 231.
(pdftex.def)             Requested size: 300.54515pt x 125.58116pt.
 [14 <./Figures/hbm.png>] [15] [16]

LaTeX Warning: Command \textellipsis invalid in math mode on input line 329.

[17]
File: Figures/treesimple.png Graphic file (type png)
<use Figures/treesimple.png>
Package pdftex.def Info: Figures/treesimple.png  used on input line 337.
(pdftex.def)             Requested size: 216.81pt x 137.15352pt.
 [18]
<Figures/topdown.png, id=1017, 581.92406pt x 368.1253pt>
File: Figures/topdown.png Graphic file (type png)
<use Figures/topdown.png>
Package pdftex.def Info: Figures/topdown.png  used on input line 426.
(pdftex.def)             Requested size: 144.54pt x 91.43568pt.
<Figures/bottomup.png, id=1018, 581.92406pt x 368.1253pt>
File: Figures/bottomup.png Graphic file (type png)
<use Figures/bottomup.png>
Package pdftex.def Info: Figures/bottomup.png  used on input line 427.
(pdftex.def)             Requested size: 144.54pt x 91.43568pt.
<Figures/optim.png, id=1019, 581.92406pt x 368.1253pt>
File: Figures/optim.png Graphic file (type png)
<use Figures/optim.png>
Package pdftex.def Info: Figures/optim.png  used on input line 428.
(pdftex.def)             Requested size: 144.54pt x 91.43568pt.

Overfull \hbox (4.26788pt too wide) in paragraph at lines 426--428
 [][][][][][] 
 []


LaTeX Warning: `!h' float specifier changed to `!ht'.

[19] [20 <./Figures/topdown.png (PNG copy)> <./Figures/bottomup.png (PNG copy)>
 <./Figures/optim.png (PNG copy)>]
LaTeX Font Info:    Try loading font information for TS1+cmr on input line 468.


("C:\Program Files\MiKTeX 2.9\tex/latex/base\ts1cmr.fd"
File: ts1cmr.fd 2014/09/29 v2.5h Standard LaTeX font definitions
)
Package microtype Info: Loading generic protrusion settings for font family
(microtype)             `cmr' (encoding: TS1).
(microtype)             For optimal results, create family-specific settings.
(microtype)             See the microtype manual for details.
 [21]
LaTeX Font Info:    Font shape `OT1/cmtt/bx/n' in size <12> not available
(Font)              Font shape `OT1/cmtt/m/n' tried instead on input line 484.
)
Overfull \hbox (45.07599pt too wide) in paragraph at lines 482--190
[][] 
 []

[22]
\openout2 = `2.Mainmatter/ch2Simulations.aux'.

 (2.Mainmatter/ch2Simulations.tex
Chapter 2.
[23



]
<Figures/rawdata.png, id=1074, 753.5653pt x 295.85532pt>
File: Figures/rawdata.png Graphic file (type png)
<use Figures/rawdata.png>
Package pdftex.def Info: Figures/rawdata.png  used on input line 19.
(pdftex.def)             Requested size: 429.3521pt x 168.56253pt.
 [24 <./Figures/rawdata.png>]
<Figures/flow1.png, id=1082, 405.01312pt x 213.79875pt>
File: Figures/flow1.png Graphic file (type png)
<use Figures/flow1.png>
Package pdftex.def Info: Figures/flow1.png  used on input line 36.
(pdftex.def)             Requested size: 300.54515pt x 158.65552pt.

Overfull \hbox (0.85925pt too wide) detected at line 47
[] \OMS/cmsy/m/n/12 ) [] ) []
 []

<Figures/dailydata.png, id=1083, 390.70969pt x 173.14688pt>
File: Figures/dailydata.png Graphic file (type png)
<use Figures/dailydata.png>
Package pdftex.def Info: Figures/dailydata.png  used on input line 54.
(pdftex.def)             Requested size: 300.54515pt x 133.19669pt.

LaTeX Warning: `!h' float specifier changed to `!ht'.

[25 <./Figures/flow1.png>]

LaTeX Warning: `!h' float specifier changed to `!ht'.


Overfull \hbox (8.34244pt too wide) in paragraph at lines 99--100
\OT1/cmtt/m/n/12 91-createdata-test.R\OT1/cmr/m/n/12 (-20) , \OT1/cmtt/m/n/12 9
2-createdata-anoamly.R\OT1/cmr/m/n/12 (-20) , \OT1/cmtt/m/n/12 93-createdata-pr
oportion.R
 []


Overfull \hbox (16.56487pt too wide) in paragraph at lines 99--100
\OT1/cmr/m/n/12 (-20) and \OT1/cmtt/m/n/12 94-createdata-count.R \OT1/cmr/m/n/1
2 (-20) found in GitHub Repos-i-tory: []https://github.com/jungxue/
 []

[26 <./Figures/dailydata.png>] [27] [28] [29] [30] [31]
<../../R-codes/JAGS/plots/priordist.pdf, id=1129, 505.89pt x 505.89pt>
File: ../../R-codes/JAGS/plots/priordist.pdf Graphic file (type pdf)
<use ../../R-codes/JAGS/plots/priordist.pdf>
Package pdftex.def Info: ../../R-codes/JAGS/plots/priordist.pdf  used on input 
line 286.
(pdftex.def)             Requested size: 429.3521pt x 429.36009pt.
 [32 <../../R-codes/JAGS/plots/priordist.pdf>] [33] [34]
<../../R-codes/JAGS/plots/findmodel/Densitytotal3abn.pdf, id=1152, 867.24pt x 4
33.62pt>
File: ../../R-codes/JAGS/plots/findmodel/Densitytotal3abn.pdf Graphic file (typ
e pdf)
<use ../../R-codes/JAGS/plots/findmodel/Densitytotal3abn.pdf>
Package pdftex.def Info: ../../R-codes/JAGS/plots/findmodel/Densitytotal3abn.pd
f  used on input line 354.
(pdftex.def)             Requested size: 429.3521pt x 214.67896pt.
 [35 <../../R-codes/JAGS/plots/findmodel/Densitytotal3abn.pdf>]
<../../R-codes/JAGS/plots/findmodel/DensityA3abn.pdf, id=1164, 867.24pt x 433.6
2pt>
File: ../../R-codes/JAGS/plots/findmodel/DensityA3abn.pdf Graphic file (type pd
f)
<use ../../R-codes/JAGS/plots/findmodel/DensityA3abn.pdf>
Package pdftex.def Info: ../../R-codes/JAGS/plots/findmodel/DensityA3abn.pdf  u
sed on input line 382.
(pdftex.def)             Requested size: 429.3521pt x 214.67896pt.
 [36 <../../R-codes/JAGS/plots/findmodel/DensityA3abn.pdf>]
<../../R-codes/JAGS/plots/findmodel/DensityAA3abn.pdf, id=1176, 867.24pt x 433.
62pt>
File: ../../R-codes/JAGS/plots/findmodel/DensityAA3abn.pdf Graphic file (type p
df)
<use ../../R-codes/JAGS/plots/findmodel/DensityAA3abn.pdf>
Package pdftex.def Info: ../../R-codes/JAGS/plots/findmodel/DensityAA3abn.pdf  
used on input line 410.
(pdftex.def)             Requested size: 429.3521pt x 214.67896pt.

[37 <../../R-codes/JAGS/plots/findmodel/DensityAA3abn.pdf>] [38]
<../../R-codes/JAGS/plots/findmodel/Tracetotal3abn.PDF, id=1193, 867.24pt x 433
.62pt>
File: ../../R-codes/JAGS/plots/findmodel/Tracetotal3abn.PDF Graphic file (type 
pdf)
<use ../../R-codes/JAGS/plots/findmodel/Tracetotal3abn.PDF>
Package pdftex.def Info: ../../R-codes/JAGS/plots/findmodel/Tracetotal3abn.PDF 
 used on input line 426.
(pdftex.def)             Requested size: 429.3521pt x 214.67896pt.
<../../R-codes/JAGS/plots/findmodel/Acftotal3abn.PDF, id=1194, 867.24pt x 433.6
2pt>
File: ../../R-codes/JAGS/plots/findmodel/Acftotal3abn.PDF Graphic file (type pd
f)
<use ../../R-codes/JAGS/plots/findmodel/Acftotal3abn.PDF>
Package pdftex.def Info: ../../R-codes/JAGS/plots/findmodel/Acftotal3abn.PDF  u
sed on input line 433.
(pdftex.def)             Requested size: 429.3521pt x 214.67896pt.
 [39 <../../R-codes/JAGS/plots/findmodel/Tracetotal3abn.PDF> <../../R-codes/JAG
S/plots/findmodel/Acftotal3abn.PDF>]
<../../R-codes/JAGS/plots/findmodel/TraceA3abn.PDF, id=1213, 867.24pt x 433.62p
t>
File: ../../R-codes/JAGS/plots/findmodel/TraceA3abn.PDF Graphic file (type pdf)

<use ../../R-codes/JAGS/plots/findmodel/TraceA3abn.PDF>
Package pdftex.def Info: ../../R-codes/JAGS/plots/findmodel/TraceA3abn.PDF  use
d on input line 444.
(pdftex.def)             Requested size: 429.3521pt x 214.67896pt.
<../../R-codes/JAGS/plots/findmodel/AcfA3abn.PDF, id=1214, 867.24pt x 433.62pt>

File: ../../R-codes/JAGS/plots/findmodel/AcfA3abn.PDF Graphic file (type pdf)
<use ../../R-codes/JAGS/plots/findmodel/AcfA3abn.PDF>
Package pdftex.def Info: ../../R-codes/JAGS/plots/findmodel/AcfA3abn.PDF  used 
on input line 451.
(pdftex.def)             Requested size: 429.3521pt x 214.67896pt.
 [40 <../../R-codes/JAGS/plots/findmodel/TraceA3abn.PDF> <../../R-codes/JAGS/pl
ots/findmodel/AcfA3abn.PDF>]
<../../R-codes/JAGS/plots/findmodel/TraceAA3abn.PDF, id=1233, 867.24pt x 433.62
pt>
File: ../../R-codes/JAGS/plots/findmodel/TraceAA3abn.PDF Graphic file (type pdf
)
<use ../../R-codes/JAGS/plots/findmodel/TraceAA3abn.PDF>
Package pdftex.def Info: ../../R-codes/JAGS/plots/findmodel/TraceAA3abn.PDF  us
ed on input line 462.
(pdftex.def)             Requested size: 429.3521pt x 214.67896pt.
<../../R-codes/JAGS/plots/findmodel/AcfAA3abn.PDF, id=1234, 867.24pt x 433.62pt
>
File: ../../R-codes/JAGS/plots/findmodel/AcfAA3abn.PDF Graphic file (type pdf)
<use ../../R-codes/JAGS/plots/findmodel/AcfAA3abn.PDF>
Package pdftex.def Info: ../../R-codes/JAGS/plots/findmodel/AcfAA3abn.PDF  used
 on input line 469.
(pdftex.def)             Requested size: 429.3521pt x 214.67896pt.
 [41 <../../R-codes/JAGS/plots/findmodel/TraceAA3abn.PDF> <../../R-codes/JAGS/p
lots/findmodel/AcfAA3abn.PDF>] [42] [43] [44] [45] [46] [47]
<../../R-codes/JAGS/plots/sim1/heattotal.png, id=1297, 853.1875pt x 1084.05pt>
File: ../../R-codes/JAGS/plots/sim1/heattotal.png Graphic file (type png)
<use ../../R-codes/JAGS/plots/sim1/heattotal.png>
Package pdftex.def Info: ../../R-codes/JAGS/plots/sim1/heattotal.png  used on i
nput line 663.
(pdftex.def)             Requested size: 429.3521pt x 545.54697pt.
 [48 <../../R-codes/JAGS/plots/sim1/heattotal.png>]
<../../R-codes/JAGS/plots/sim1/heattotal2.png, id=1303, 853.1875pt x 1084.05pt>

File: ../../R-codes/JAGS/plots/sim1/heattotal2.png Graphic file (type png)
<use ../../R-codes/JAGS/plots/sim1/heattotal2.png>
Package pdftex.def Info: ../../R-codes/JAGS/plots/sim1/heattotal2.png  used on 
input line 672.
(pdftex.def)             Requested size: 429.3521pt x 545.54697pt.
 [49 <../../R-codes/JAGS/plots/sim1/heattotal2.png>] [50]
<../../R-codes/JAGS/plots/sim1/heatA.png, id=1316, 853.1875pt x 1084.05pt>
File: ../../R-codes/JAGS/plots/sim1/heatA.png Graphic file (type png)
<use ../../R-codes/JAGS/plots/sim1/heatA.png>
Package pdftex.def Info: ../../R-codes/JAGS/plots/sim1/heatA.png  used on input
 line 686.
(pdftex.def)             Requested size: 429.3521pt x 545.54697pt.
 [51 <../../R-codes/JAGS/plots/sim1/heatA.png>]
<../../R-codes/JAGS/plots/sim1/heatA2.png, id=1322, 853.1875pt x 1084.05pt>
File: ../../R-codes/JAGS/plots/sim1/heatA2.png Graphic file (type png)
<use ../../R-codes/JAGS/plots/sim1/heatA2.png>
Package pdftex.def Info: ../../R-codes/JAGS/plots/sim1/heatA2.png  used on inpu
t line 695.
(pdftex.def)             Requested size: 429.3521pt x 545.54697pt.
 [52 <../../R-codes/JAGS/plots/sim1/heatA2.png>]
[53]
<../../R-codes/JAGS/plots/sim1/heatAA.png, id=1334, 853.1875pt x 1084.05pt>
File: ../../R-codes/JAGS/plots/sim1/heatAA.png Graphic file (type png)
<use ../../R-codes/JAGS/plots/sim1/heatAA.png>
Package pdftex.def Info: ../../R-codes/JAGS/plots/sim1/heatAA.png  used on inpu
t line 710.
(pdftex.def)             Requested size: 429.3521pt x 545.54697pt.
 [54 <../../R-codes/JAGS/plots/sim1/heatAA.png>]
<../../R-codes/JAGS/plots/sim1/heatAA2.png, id=1340, 853.1875pt x 1084.05pt>
File: ../../R-codes/JAGS/plots/sim1/heatAA2.png Graphic file (type png)
<use ../../R-codes/JAGS/plots/sim1/heatAA2.png>
Package pdftex.def Info: ../../R-codes/JAGS/plots/sim1/heatAA2.png  used on inp
ut line 719.
(pdftex.def)             Requested size: 429.3521pt x 545.54697pt.
 [55 <../../R-codes/JAGS/plots/sim1/heatAA2.png>] [56] [57] [58] [59] [60]
<../../R-codes/JAGS/plots/sim2/heattotal.png, id=1378, 853.1875pt x 1084.05pt>
File: ../../R-codes/JAGS/plots/sim2/heattotal.png Graphic file (type png)
<use ../../R-codes/JAGS/plots/sim2/heattotal.png>
Package pdftex.def Info: ../../R-codes/JAGS/plots/sim2/heattotal.png  used on i
nput line 938.
(pdftex.def)             Requested size: 429.3521pt x 545.54697pt.
 [61] [62 <../../R-codes/JAGS/plots/sim2/heattotal.png>]
<../../R-codes/JAGS/plots/sim2/heattotal2.png, id=1389, 853.1875pt x 1084.05pt>

File: ../../R-codes/JAGS/plots/sim2/heattotal2.png Graphic file (type png)
<use ../../R-codes/JAGS/plots/sim2/heattotal2.png>
Package pdftex.def Info: ../../R-codes/JAGS/plots/sim2/heattotal2.png  used on 
input line 947.
(pdftex.def)             Requested size: 429.3521pt x 545.54697pt.
 [63 <../../R-codes/JAGS/plots/sim2/heattotal2.png>]
[64]
<../../R-codes/JAGS/plots/sim2/heatA.png, id=1401, 853.1875pt x 1084.05pt>
File: ../../R-codes/JAGS/plots/sim2/heatA.png Graphic file (type png)
<use ../../R-codes/JAGS/plots/sim2/heatA.png>
Package pdftex.def Info: ../../R-codes/JAGS/plots/sim2/heatA.png  used on input
 line 960.
(pdftex.def)             Requested size: 429.3521pt x 545.54697pt.
 [65 <../../R-codes/JAGS/plots/sim2/heatA.png>]
<../../R-codes/JAGS/plots/sim2/heatA2.png, id=1407, 853.1875pt x 1084.05pt>
File: ../../R-codes/JAGS/plots/sim2/heatA2.png Graphic file (type png)
<use ../../R-codes/JAGS/plots/sim2/heatA2.png>
Package pdftex.def Info: ../../R-codes/JAGS/plots/sim2/heatA2.png  used on inpu
t line 969.
(pdftex.def)             Requested size: 429.3521pt x 545.54697pt.
 [66 <../../R-codes/JAGS/plots/sim2/heatA2.png>] [67]
<../../R-codes/JAGS/plots/sim2/heatAA.png, id=1420, 853.1875pt x 1084.05pt>
File: ../../R-codes/JAGS/plots/sim2/heatAA.png Graphic file (type png)
<use ../../R-codes/JAGS/plots/sim2/heatAA.png>
Package pdftex.def Info: ../../R-codes/JAGS/plots/sim2/heatAA.png  used on inpu
t line 982.
(pdftex.def)             Requested size: 429.3521pt x 545.54697pt.
 [68 <../../R-codes/JAGS/plots/sim2/heatAA.png>]
<../../R-codes/JAGS/plots/sim2/heatAA2.png, id=1426, 853.1875pt x 1084.05pt>
File: ../../R-codes/JAGS/plots/sim2/heatAA2.png Graphic file (type png)
<use ../../R-codes/JAGS/plots/sim2/heatAA2.png>
Package pdftex.def Info: ../../R-codes/JAGS/plots/sim2/heatAA2.png  used on inp
ut line 991.
(pdftex.def)             Requested size: 429.3521pt x 545.54697pt.

[69 <../../R-codes/JAGS/plots/sim2/heatAA2.png>] [70]) [71]
\openout2 = `2.Mainmatter/ch3MIMIC.aux'.


(2.Mainmatter/ch3MIMIC.tex
Chapter 3.
[72



]
<Figures/icd-10-code.png, id=1466, 602.25pt x 141.52875pt>
File: Figures/icd-10-code.png Graphic file (type png)
<use Figures/icd-10-code.png>
Package pdftex.def Info: Figures/icd-10-code.png  used on input line 23.
(pdftex.def)             Requested size: 300.54515pt x 70.6303pt.
 [73 <./Figures/icd-10-code.png>]
Overfull \hbox (22.87483pt too wide) in paragraph at lines 34--86
 [][] 
 []

[74]
Overfull \hbox (0.4274pt too wide) in paragraph at lines 104--105
\OT1/cmr/m/n/12 (-20) This sec-tion presents the In-de-pen-dent Bayesian Model(
IBM) and Hi-er-ar-chi-cal Bayesian
 []

[75]
Underfull \vbox (badness 10000) has occurred while \output is active []

 [76]
[77]
Underfull \vbox (badness 2591) has occurred while \output is active []

 [78]
[79] [80]
<../../R-codes/JAGS/plots/mimic/Densitynorm.pdf, id=1543, 578.16pt x 361.35pt>
File: ../../R-codes/JAGS/plots/mimic/Densitynorm.pdf Graphic file (type pdf)
<use ../../R-codes/JAGS/plots/mimic/Densitynorm.pdf>
Package pdftex.def Info: ../../R-codes/JAGS/plots/mimic/Densitynorm.pdf  used o
n input line 283.
(pdftex.def)             Requested size: 429.3521pt x 268.34319pt.
 [81 <../../R-codes/JAGS/plots/mimic/Densitynorm.pdf>]
File: ../../R-codes/JAGS/plots/mimic/Densitynorm.pdf Graphic file (type pdf)
<use ../../R-codes/JAGS/plots/mimic/Densitynorm.pdf>
Package pdftex.def Info: ../../R-codes/JAGS/plots/mimic/Densitynorm.pdf  used o
n input line 312.
(pdftex.def)             Requested size: 429.3521pt x 268.34319pt.
 [82]
<../../R-codes/JAGS/plots/mimic/Density410.pdf, id=1561, 578.16pt x 216.81pt>
File: ../../R-codes/JAGS/plots/mimic/Density410.pdf Graphic file (type pdf)
<use ../../R-codes/JAGS/plots/mimic/Density410.pdf>
Package pdftex.def Info: ../../R-codes/JAGS/plots/mimic/Density410.pdf  used on
 input line 339.
(pdftex.def)             Requested size: 429.3521pt x 161.00589pt.
 [83 <../../R-codes/JAGS/plots/mimic/Density410.pdf>]
<../../R-codes/JAGS/plots/mimic/Density410h.pdf, id=1571, 578.16pt x 216.81pt>
File: ../../R-codes/JAGS/plots/mimic/Density410h.pdf Graphic file (type pdf)
<use ../../R-codes/JAGS/plots/mimic/Density410h.pdf>
Package pdftex.def Info: ../../R-codes/JAGS/plots/mimic/Density410h.pdf  used o
n input line 364.
(pdftex.def)             Requested size: 429.3521pt x 161.00589pt.
 [84 <../../R-codes/JAGS/plots/mimic/Density410h.pdf>]
<../../R-codes/JAGS/plots/mimic/Density415.pdf, id=1585, 578.16pt x 216.81pt>
File: ../../R-codes/JAGS/plots/mimic/Density415.pdf Graphic file (type pdf)
<use ../../R-codes/JAGS/plots/mimic/Density415.pdf>
Package pdftex.def Info: ../../R-codes/JAGS/plots/mimic/Density415.pdf  used on
 input line 391.
(pdftex.def)             Requested size: 429.3521pt x 161.00589pt.
 [85 <../../R-codes/JAGS/plots/mimic/Density415.pdf>]
<../../R-codes/JAGS/plots/mimic/Density415h.pdf, id=1596, 578.16pt x 216.81pt>
File: ../../R-codes/JAGS/plots/mimic/Density415h.pdf Graphic file (type pdf)
<use ../../R-codes/JAGS/plots/mimic/Density415h.pdf>
Package pdftex.def Info: ../../R-codes/JAGS/plots/mimic/Density415h.pdf  used o
n input line 416.
(pdftex.def)             Requested size: 429.3521pt x 161.00589pt.
 [86 <../../R-codes/JAGS/plots/mimic/Density415h.pdf>]
File: ../../R-codes/JAGS/plots/mimic/Density415h.pdf Graphic file (type pdf)
<use ../../R-codes/JAGS/plots/mimic/Density415h.pdf>
Package pdftex.def Info: ../../R-codes/JAGS/plots/mimic/Density415h.pdf  used o
n input line 443.
(pdftex.def)             Requested size: 429.3521pt x 161.00589pt.
 [87]
File: ../../R-codes/JAGS/plots/mimic/Density415h.pdf Graphic file (type pdf)
<use ../../R-codes/JAGS/plots/mimic/Density415h.pdf>
Package pdftex.def Info: ../../R-codes/JAGS/plots/mimic/Density415h.pdf  used o
n input line 468.
(pdftex.def)             Requested size: 429.3521pt x 161.00589pt.
 [88]
<../../R-codes/JAGS/plots/mimic/heatnorm.png, id=1622, 853.1875pt x 1084.05pt>
File: ../../R-codes/JAGS/plots/mimic/heatnorm.png Graphic file (type png)
<use ../../R-codes/JAGS/plots/mimic/heatnorm.png>
Package pdftex.def Info: ../../R-codes/JAGS/plots/mimic/heatnorm.png  used on i
nput line 479.
(pdftex.def)             Requested size: 429.3521pt x 545.54697pt.
 [89 <../../R-codes/JAGS/plots/mimic/heatnorm.png>]
<../../R-codes/JAGS/plots/mimic/heatnorm2.png, id=1628, 853.1875pt x 1084.05pt>

File: ../../R-codes/JAGS/plots/mimic/heatnorm2.png Graphic file (type png)
<use ../../R-codes/JAGS/plots/mimic/heatnorm2.png>
Package pdftex.def Info: ../../R-codes/JAGS/plots/mimic/heatnorm2.png  used on 
input line 488.
(pdftex.def)             Requested size: 429.3521pt x 545.54697pt.
 [90 <../../R-codes/JAGS/plots/mimic/heatnorm2.png>] [91]
<../../R-codes/JAGS/plots/mimic/heat410.png, id=1641, 853.1875pt x 1084.05pt>
File: ../../R-codes/JAGS/plots/mimic/heat410.png Graphic file (type png)
<use ../../R-codes/JAGS/plots/mimic/heat410.png>
Package pdftex.def Info: ../../R-codes/JAGS/plots/mimic/heat410.png  used on in
put line 501.
(pdftex.def)             Requested size: 429.3521pt x 545.54697pt.
 [92 <../../R-codes/JAGS/plots/mimic/heat410.png>]
<../../R-codes/JAGS/plots/mimic/heat4102.png, id=1647, 853.1875pt x 1084.05pt>
File: ../../R-codes/JAGS/plots/mimic/heat4102.png Graphic file (type png)
<use ../../R-codes/JAGS/plots/mimic/heat4102.png>
Package pdftex.def Info: ../../R-codes/JAGS/plots/mimic/heat4102.png  used on i
nput line 510.
(pdftex.def)             Requested size: 429.3521pt x 545.54697pt.
 [93 <../../R-codes/JAGS/plots/mimic/heat4102.png>] [94]
<../../R-codes/JAGS/plots/mimic/heat415.png, id=1659, 853.1875pt x 1084.05pt>
File: ../../R-codes/JAGS/plots/mimic/heat415.png Graphic file (type png)
<use ../../R-codes/JAGS/plots/mimic/heat415.png>
Package pdftex.def Info: ../../R-codes/JAGS/plots/mimic/heat415.png  used on in
put line 523.
(pdftex.def)             Requested size: 429.3521pt x 545.54697pt.
 [95 <../../R-codes/JAGS/plots/mimic/heat415.png>]
<../../R-codes/JAGS/plots/mimic/heat4152.png, id=1665, 853.1875pt x 1084.05pt>
File: ../../R-codes/JAGS/plots/mimic/heat4152.png Graphic file (type png)
<use ../../R-codes/JAGS/plots/mimic/heat4152.png>
Package pdftex.def Info: ../../R-codes/JAGS/plots/mimic/heat4152.png  used on i
nput line 532.
(pdftex.def)             Requested size: 429.3521pt x 545.54697pt.
 [96 <../../R-codes/JAGS/plots/mimic/heat4152.png>] [97]
<../../R-codes/JAGS/plots/mimic/heat452.png, id=1678, 853.1875pt x 1084.05pt>
File: ../../R-codes/JAGS/plots/mimic/heat452.png Graphic file (type png)
<use ../../R-codes/JAGS/plots/mimic/heat452.png>
Package pdftex.def Info: ../../R-codes/JAGS/plots/mimic/heat452.png  used on in
put line 545.
(pdftex.def)             Requested size: 429.3521pt x 545.54697pt.
 [98 <../../R-codes/JAGS/plots/mimic/heat452.png>]
<../../R-codes/JAGS/plots/mimic/heat4522.png, id=1684, 853.1875pt x 1084.05pt>
File: ../../R-codes/JAGS/plots/mimic/heat4522.png Graphic file (type png)
<use ../../R-codes/JAGS/plots/mimic/heat4522.png>
Package pdftex.def Info: ../../R-codes/JAGS/plots/mimic/heat4522.png  used on i
nput line 554.
(pdftex.def)             Requested size: 429.3521pt x 545.54697pt.
 [99 <../../R-codes/JAGS/plots/mimic/heat4522.png>] [100]) [101]
\openout2 = `2.Mainmatter/conclusion.aux'.

 (2.Mainmatter/conclusion.tex
Chapter 4.
[102



] [103] [104]) [105]
\openout2 = `3.Endmatter/R-Codes.aux'.

 (3.Endmatter/R-Codes.tex
Appendix A.

Overfull \hbox (16.57474pt too wide) in paragraph at lines 7--8
\OT1/cmr/m/n/12 (-20) specif-i-cally three MIMIC data set were used (AD-MIS-SIO
NS.csv, D[]ICD[]DIAGNOSES.csv
 []

[106



]
Overfull \hbox (11.19711pt too wide) in paragraph at lines 79--88
[] 
 []

[107] [108] [109] [110] [111]

LaTeX Warning: Float too large for page by 6.07838pt on input line 356.

[112] [113

]

LaTeX Warning: `!h' float specifier changed to `!ht'.

) [114] ("Thesis-2019-Jung .bbl"
Underfull \hbox (badness 10000) in paragraph at lines 22--26
\OT1/cmr/m/n/12 (+20) Re-trieved from []$\OT1/cmtt/m/n/12 https : / / www . web
pt . com / blog / post / understanding-[]icd-[] /
 []

[115


] [116] [117]
Underfull \hbox (badness 2707) in paragraph at lines 264--268
[]\OT1/cmr/m/n/12 (+20) La Rosa, A. (2018).  Anomaly de-tec-tion in mon-i-tor-i
ng: Prob-lems we
 []


Underfull \hbox (badness 5302) in paragraph at lines 264--268
\OT1/cmr/m/n/12 (+20) can re-solve with it.  Re-trieved from []$\OT1/cmtt/m/n/1
2 https : / / pandorafms . com / blog /
 []

[118]
Underfull \hbox (badness 10000) in paragraph at lines 294--298
[]$\OT1/cmtt/m/n/12 https : / / www . health . govt . nz / our-[]work / hospita
ls-[]and-[]specialist-[]care /
 []


Underfull \hbox (badness 10000) in paragraph at lines 300--304
[]$\OT1/cmtt/m/n/12 https : / / www . health . govt . nz / our-[]work / hospita
ls-[]and-[]specialist-[]care /
 []


Underfull \hbox (badness 10000) in paragraph at lines 306--310
[]$\OT1/cmtt/m/n/12 https : / / www . health . govt . nz / our-[]work / hospita
ls-[]and-[]specialist-[]care /
 []


Underfull \hbox (badness 10000) in paragraph at lines 312--316
[]$\OT1/cmtt/m/n/12 https : / / www . health . govt . nz / our-[]work / hospita
ls-[]and-[]specialist-[]care /
 []


Underfull \hbox (badness 10000) in paragraph at lines 318--322
\OT1/cmtt/m/n/12 health . govt . nz / nz-[]health-[]statistics / classification
-[]and-[]terminology /
 []

[119] [120])
Package atveryend Info: Empty hook `BeforeClearDocument' on input line 212.
 [121]
Package atveryend Info: Empty hook `AfterLastShipout' on input line 212.
 ("Thesis-2019-Jung .aux" (1.Frontmatter/titlepage.aux)
(1.Frontmatter/abstract.aux) (1.Frontmatter/dedication.aux)
(1.Frontmatter/declaration.aux) (1.Frontmatter/acknowledgement.aux)
(2.Mainmatter/ch1Background.aux) (2.Mainmatter/ch2Simulations.aux)
(2.Mainmatter/ch3MIMIC.aux) (2.Mainmatter/conclusion.aux)
(3.Endmatter/R-Codes.aux))
Package atveryend Info: Executing hook `AtVeryEndDocument' on input line 212.
Package atveryend Info: Executing hook `AtEndAfterFileList' on input line 212.
Package rerunfilecheck Info: File `"Thesis-2019-Jung ".out' has not changed.
(rerunfilecheck)             Checksum: 938A3E6FD216877789DAA83358BE7887;4343.


LaTeX Warning: There were multiply-defined labels.

Package atveryend Info: Empty hook `AtVeryVeryEnd' on input line 212.
 ) 
Here is how much of TeX's memory you used:
 39208 strings out of 492895
 724736 string characters out of 3133478
 1087487 words of memory out of 3000000
 41745 multiletter control sequences out of 15000+200000
 553507 words of font info for 147 fonts, out of 3000000 for 9000
 1141 hyphenation exceptions out of 8191
 54i,15n,74p,2445b,1825s stack positions out of 5000i,500n,10000p,200000b,50000s
 <C:\Users\Tokor\AppData\Local\MiKTeX\2.9\fonts/pk/ljfour/jknappen/ec/dpi600\
tcrm1200.pk><C:/Users/Tokor/AppData/Local/Programs/MiKTeX 2.9/fonts/type1/arphi
c/bsmiu/bsmiu54.pfb><C:/Users/Tokor/AppData/Local/Programs/MiKTeX 2.9/fonts/typ
e1/arphic/bsmiu/bsmiu71.pfb><C:/Users/Tokor/AppData/Local/Programs/MiKTeX 2.9/f
onts/type1/arphic/bsmiu/bsmiu85.pfb><C:/Program Files/MiKTeX 2.9/fonts/type1/pu
blic/amsfonts/cm/cmbx12.pfb><C:/Program Files/MiKTeX 2.9/fonts/type1/public/ams
fonts/cm/cmex10.pfb><C:/Program Files/MiKTeX 2.9/fonts/type1/public/amsfonts/cm
/cmmi12.pfb><C:/Program Files/MiKTeX 2.9/fonts/type1/public/amsfonts/cm/cmmi6.p
fb><C:/Program Files/MiKTeX 2.9/fonts/type1/public/amsfonts/cm/cmmi8.pfb><C:/Pr
ogram Files/MiKTeX 2.9/fonts/type1/public/amsfonts/cm/cmr10.pfb><C:/Program Fil
es/MiKTeX 2.9/fonts/type1/public/amsfonts/cm/cmr12.pfb><C:/Program Files/MiKTeX
 2.9/fonts/type1/public/amsfonts/cm/cmr8.pfb><C:/Program Files/MiKTeX 2.9/fonts
/type1/public/amsfonts/cm/cmsy10.pfb><C:/Program Files/MiKTeX 2.9/fonts/type1/p
ublic/amsfonts/cm/cmsy8.pfb><C:/Program Files/MiKTeX 2.9/fonts/type1/public/ams
fonts/cm/cmti10.pfb><C:/Program Files/MiKTeX 2.9/fonts/type1/public/amsfonts/cm
/cmti12.pfb><C:/Program Files/MiKTeX 2.9/fonts/type1/public/amsfonts/cm/cmtt10.
pfb><C:/Program Files/MiKTeX 2.9/fonts/type1/public/amsfonts/cm/cmtt12.pfb><C:/
Program Files/MiKTeX 2.9/fonts/type1/urw/zapfding/uzdr.pfb>
Output written on "Thesis-2019-Jung .pdf" (133 pages, 7624827 bytes).
PDF statistics:
 2225 PDF objects out of 2487 (max. 8388607)
 616 named destinations out of 1000 (max. 500000)
 31506 words of extra memory for PDF output out of 35830 (max. 10000000)

